/home/youzhewei.linux/work/llvm-project/llvm-test-suite/SingleSource/Regression/C/gcc-c-torture/execute/20041113-1.c:9:2: error: call to undeclared library function 'abort' with type 'void (void) __attribute__((noreturn))'; ISO C99 and later do not support implicit function declarations [-Wimplicit-function-declaration]
    9 |         abort ();
      |         ^
/home/youzhewei.linux/work/llvm-project/llvm-test-suite/SingleSource/Regression/C/gcc-c-torture/execute/20041113-1.c:9:2: note: include the header <stdlib.h> or explicitly provide a declaration for 'abort'
/home/youzhewei.linux/work/llvm-project/llvm-test-suite/SingleSource/Regression/C/gcc-c-torture/execute/20041113-1.c:23:5: error: call to undeclared library function 'exit' with type 'void (int) __attribute__((noreturn))'; ISO C99 and later do not support implicit function declarations [-Wimplicit-function-declaration]
   23 |     exit (0);
      |     ^
/home/youzhewei.linux/work/llvm-project/llvm-test-suite/SingleSource/Regression/C/gcc-c-torture/execute/20041113-1.c:23:5: note: include the header <stdlib.h> or explicitly provide a declaration for 'exit'
2 errors generated.
