/home/youzhewei.linux/work/llvm-project/llvm-test-suite/SingleSource/Regression/C/gcc-c-torture/execute/920302-1.c:5:1: error: type specifier missing, defaults to 'int'; ISO C99 and later do not support implicit int [-Wimplicit-int]
    5 | execute (ip)
      | ^
      | int
/home/youzhewei.linux/work/llvm-project/llvm-test-suite/SingleSource/Regression/C/gcc-c-torture/execute/920302-1.c:16:7: error: non-void function 'execute' should return a value [-Wreturn-mismatch]
   16 |       return;
      |       ^
/home/youzhewei.linux/work/llvm-project/llvm-test-suite/SingleSource/Regression/C/gcc-c-torture/execute/920302-1.c:24:5: error: non-void function 'execute' should return a value [-Wreturn-mismatch]
   24 |     return;
      |     ^
/home/youzhewei.linux/work/llvm-project/llvm-test-suite/SingleSource/Regression/C/gcc-c-torture/execute/920302-1.c:5:1: warning: a function definition without a prototype is deprecated in all versions of C and is not supported in C23 [-Wdeprecated-non-prototype]
    5 | execute (ip)
      | ^
/home/youzhewei.linux/work/llvm-project/llvm-test-suite/SingleSource/Regression/C/gcc-c-torture/execute/920302-1.c:29:1: error: type specifier missing, defaults to 'int'; ISO C99 and later do not support implicit int [-Wimplicit-int]
   29 | main ()
      | ^
      | int
/home/youzhewei.linux/work/llvm-project/llvm-test-suite/SingleSource/Regression/C/gcc-c-torture/execute/920302-1.c:36:12: warning: incompatible pointer types passing 'short (*)[5]' to parameter of type 'short *' [-Wincompatible-pointer-types]
   36 |   execute (&p);
      |            ^~
/home/youzhewei.linux/work/llvm-project/llvm-test-suite/SingleSource/Regression/C/gcc-c-torture/execute/920302-1.c:37:7: error: call to undeclared library function 'strcmp' with type 'int (const char *, const char *)'; ISO C99 and later do not support implicit function declarations [-Wimplicit-function-declaration]
   37 |   if (strcmp (buf, "xyxyz"))
      |       ^
/home/youzhewei.linux/work/llvm-project/llvm-test-suite/SingleSource/Regression/C/gcc-c-torture/execute/920302-1.c:37:7: note: include the header <string.h> or explicitly provide a declaration for 'strcmp'
/home/youzhewei.linux/work/llvm-project/llvm-test-suite/SingleSource/Regression/C/gcc-c-torture/execute/920302-1.c:38:5: error: call to undeclared library function 'abort' with type 'void (void) __attribute__((noreturn))'; ISO C99 and later do not support implicit function declarations [-Wimplicit-function-declaration]
   38 |     abort ();
      |     ^
/home/youzhewei.linux/work/llvm-project/llvm-test-suite/SingleSource/Regression/C/gcc-c-torture/execute/920302-1.c:38:5: note: include the header <stdlib.h> or explicitly provide a declaration for 'abort'
/home/youzhewei.linux/work/llvm-project/llvm-test-suite/SingleSource/Regression/C/gcc-c-torture/execute/920302-1.c:39:3: error: call to undeclared library function 'exit' with type 'void (int) __attribute__((noreturn))'; ISO C99 and later do not support implicit function declarations [-Wimplicit-function-declaration]
   39 |   exit (0);
      |   ^
/home/youzhewei.linux/work/llvm-project/llvm-test-suite/SingleSource/Regression/C/gcc-c-torture/execute/920302-1.c:39:3: note: include the header <stdlib.h> or explicitly provide a declaration for 'exit'
2 warnings and 7 errors generated.
