/home/youzhewei.linux/work/llvm-project/llvm-test-suite/SingleSource/Regression/C/gcc-c-torture/execute/921215-1.c:3:1: error: type specifier missing, defaults to 'int'; ISO C99 and later do not support implicit int [-Wimplicit-int]
    3 | main()
      | ^
      | int
/home/youzhewei.linux/work/llvm-project/llvm-test-suite/SingleSource/Regression/C/gcc-c-torture/execute/921215-1.c:6:5: error: function definition is not allowed here
    6 |     {
      |     ^
/home/youzhewei.linux/work/llvm-project/llvm-test-suite/SingleSource/Regression/C/gcc-c-torture/execute/921215-1.c:16:5: error: function definition is not allowed here
   16 |     {
      |     ^
/home/youzhewei.linux/work/llvm-project/llvm-test-suite/SingleSource/Regression/C/gcc-c-torture/execute/921215-1.c:20:3: error: call to undeclared function 'p'; ISO C99 and later do not support implicit function declarations [-Wimplicit-function-declaration]
   20 |   p(q);
      |   ^
/home/youzhewei.linux/work/llvm-project/llvm-test-suite/SingleSource/Regression/C/gcc-c-torture/execute/921215-1.c:20:5: error: use of undeclared identifier 'q'
   20 |   p(q);
      |     ^
/home/youzhewei.linux/work/llvm-project/llvm-test-suite/SingleSource/Regression/C/gcc-c-torture/execute/921215-1.c:22:3: error: call to undeclared library function 'exit' with type 'void (int) __attribute__((noreturn))'; ISO C99 and later do not support implicit function declarations [-Wimplicit-function-declaration]
   22 |   exit(0);
      |   ^
/home/youzhewei.linux/work/llvm-project/llvm-test-suite/SingleSource/Regression/C/gcc-c-torture/execute/921215-1.c:22:3: note: include the header <stdlib.h> or explicitly provide a declaration for 'exit'
/home/youzhewei.linux/work/llvm-project/llvm-test-suite/SingleSource/Regression/C/gcc-c-torture/execute/921215-1.c:25:1: error: type specifier missing, defaults to 'int'; ISO C99 and later do not support implicit int [-Wimplicit-int]
   25 | foo(){}
      | ^
      | int
7 errors generated.
