/home/youzhewei.linux/work/llvm-project/llvm-test-suite/SingleSource/Regression/C/gcc-c-torture/execute/961017-1.c:1:1: error: type specifier missing, defaults to 'int'; ISO C99 and later do not support implicit int [-Wimplicit-int]
    1 | main ()
      | ^
      | int
/home/youzhewei.linux/work/llvm-project/llvm-test-suite/SingleSource/Regression/C/gcc-c-torture/execute/961017-1.c:7:3: error: call to undeclared library function 'exit' with type 'void (int) __attribute__((noreturn))'; ISO C99 and later do not support implicit function declarations [-Wimplicit-function-declaration]
    7 |   exit (0);
      |   ^
/home/youzhewei.linux/work/llvm-project/llvm-test-suite/SingleSource/Regression/C/gcc-c-torture/execute/961017-1.c:7:3: note: include the header <stdlib.h> or explicitly provide a declaration for 'exit'
2 errors generated.
