/home/youzhewei.linux/work/llvm-project/llvm-test-suite/SingleSource/Regression/C/gcc-c-torture/execute/int-compare.c:3:8: error: parameter 'b' was not declared, defaults to 'int'; ISO C99 and later do not support implicit int [-Wimplicit-int]
    3 | gt (a, b)
      |        ^
    4 | {
/home/youzhewei.linux/work/llvm-project/llvm-test-suite/SingleSource/Regression/C/gcc-c-torture/execute/int-compare.c:3:5: error: parameter 'a' was not declared, defaults to 'int'; ISO C99 and later do not support implicit int [-Wimplicit-int]
    3 | gt (a, b)
      |     ^
    4 | {
/home/youzhewei.linux/work/llvm-project/llvm-test-suite/SingleSource/Regression/C/gcc-c-torture/execute/int-compare.c:3:1: error: type specifier missing, defaults to 'int'; ISO C99 and later do not support implicit int [-Wimplicit-int]
    3 | gt (a, b)
      | ^
      | int
/home/youzhewei.linux/work/llvm-project/llvm-test-suite/SingleSource/Regression/C/gcc-c-torture/execute/int-compare.c:3:1: warning: a function definition without a prototype is deprecated in all versions of C and is not supported in C23 [-Wdeprecated-non-prototype]
/home/youzhewei.linux/work/llvm-project/llvm-test-suite/SingleSource/Regression/C/gcc-c-torture/execute/int-compare.c:8:8: error: parameter 'b' was not declared, defaults to 'int'; ISO C99 and later do not support implicit int [-Wimplicit-int]
    8 | ge (a, b)
      |        ^
    9 | {
/home/youzhewei.linux/work/llvm-project/llvm-test-suite/SingleSource/Regression/C/gcc-c-torture/execute/int-compare.c:8:5: error: parameter 'a' was not declared, defaults to 'int'; ISO C99 and later do not support implicit int [-Wimplicit-int]
    8 | ge (a, b)
      |     ^
    9 | {
/home/youzhewei.linux/work/llvm-project/llvm-test-suite/SingleSource/Regression/C/gcc-c-torture/execute/int-compare.c:8:1: error: type specifier missing, defaults to 'int'; ISO C99 and later do not support implicit int [-Wimplicit-int]
    8 | ge (a, b)
      | ^
      | int
/home/youzhewei.linux/work/llvm-project/llvm-test-suite/SingleSource/Regression/C/gcc-c-torture/execute/int-compare.c:8:1: warning: a function definition without a prototype is deprecated in all versions of C and is not supported in C23 [-Wdeprecated-non-prototype]
/home/youzhewei.linux/work/llvm-project/llvm-test-suite/SingleSource/Regression/C/gcc-c-torture/execute/int-compare.c:13:8: error: parameter 'b' was not declared, defaults to 'int'; ISO C99 and later do not support implicit int [-Wimplicit-int]
   13 | lt (a, b)
      |        ^
   14 | {
/home/youzhewei.linux/work/llvm-project/llvm-test-suite/SingleSource/Regression/C/gcc-c-torture/execute/int-compare.c:13:5: error: parameter 'a' was not declared, defaults to 'int'; ISO C99 and later do not support implicit int [-Wimplicit-int]
   13 | lt (a, b)
      |     ^
   14 | {
/home/youzhewei.linux/work/llvm-project/llvm-test-suite/SingleSource/Regression/C/gcc-c-torture/execute/int-compare.c:13:1: error: type specifier missing, defaults to 'int'; ISO C99 and later do not support implicit int [-Wimplicit-int]
   13 | lt (a, b)
      | ^
      | int
/home/youzhewei.linux/work/llvm-project/llvm-test-suite/SingleSource/Regression/C/gcc-c-torture/execute/int-compare.c:13:1: warning: a function definition without a prototype is deprecated in all versions of C and is not supported in C23 [-Wdeprecated-non-prototype]
/home/youzhewei.linux/work/llvm-project/llvm-test-suite/SingleSource/Regression/C/gcc-c-torture/execute/int-compare.c:18:8: error: parameter 'b' was not declared, defaults to 'int'; ISO C99 and later do not support implicit int [-Wimplicit-int]
   18 | le (a, b)
      |        ^
   19 | {
/home/youzhewei.linux/work/llvm-project/llvm-test-suite/SingleSource/Regression/C/gcc-c-torture/execute/int-compare.c:18:5: error: parameter 'a' was not declared, defaults to 'int'; ISO C99 and later do not support implicit int [-Wimplicit-int]
   18 | le (a, b)
      |     ^
   19 | {
/home/youzhewei.linux/work/llvm-project/llvm-test-suite/SingleSource/Regression/C/gcc-c-torture/execute/int-compare.c:18:1: error: type specifier missing, defaults to 'int'; ISO C99 and later do not support implicit int [-Wimplicit-int]
   18 | le (a, b)
      | ^
      | int
/home/youzhewei.linux/work/llvm-project/llvm-test-suite/SingleSource/Regression/C/gcc-c-torture/execute/int-compare.c:18:1: warning: a function definition without a prototype is deprecated in all versions of C and is not supported in C23 [-Wdeprecated-non-prototype]
/home/youzhewei.linux/work/llvm-project/llvm-test-suite/SingleSource/Regression/C/gcc-c-torture/execute/int-compare.c:24:7: error: parameter 'c' was not declared, defaults to 'int'; ISO C99 and later do not support implicit int [-Wimplicit-int]
   24 | true (c)
      |       ^
   25 | {
/home/youzhewei.linux/work/llvm-project/llvm-test-suite/SingleSource/Regression/C/gcc-c-torture/execute/int-compare.c:27:5: error: call to undeclared library function 'abort' with type 'void (void) __attribute__((noreturn))'; ISO C99 and later do not support implicit function declarations [-Wimplicit-function-declaration]
   27 |     abort();
      |     ^
/home/youzhewei.linux/work/llvm-project/llvm-test-suite/SingleSource/Regression/C/gcc-c-torture/execute/int-compare.c:27:5: note: include the header <stdlib.h> or explicitly provide a declaration for 'abort'
/home/youzhewei.linux/work/llvm-project/llvm-test-suite/SingleSource/Regression/C/gcc-c-torture/execute/int-compare.c:24:1: warning: a function definition without a prototype is deprecated in all versions of C and is not supported in C23 [-Wdeprecated-non-prototype]
   24 | true (c)
      | ^
/home/youzhewei.linux/work/llvm-project/llvm-test-suite/SingleSource/Regression/C/gcc-c-torture/execute/int-compare.c:31:8: error: parameter 'c' was not declared, defaults to 'int'; ISO C99 and later do not support implicit int [-Wimplicit-int]
   31 | false (c)
      |        ^
   32 | {
/home/youzhewei.linux/work/llvm-project/llvm-test-suite/SingleSource/Regression/C/gcc-c-torture/execute/int-compare.c:31:1: warning: a function definition without a prototype is deprecated in all versions of C and is not supported in C23 [-Wdeprecated-non-prototype]
   31 | false (c)
      | ^
/home/youzhewei.linux/work/llvm-project/llvm-test-suite/SingleSource/Regression/C/gcc-c-torture/execute/int-compare.c:37:1: error: type specifier missing, defaults to 'int'; ISO C99 and later do not support implicit int [-Wimplicit-int]
   37 | f ()
      | ^
      | int
/home/youzhewei.linux/work/llvm-project/llvm-test-suite/SingleSource/Regression/C/gcc-c-torture/execute/int-compare.c:104:1: error: type specifier missing, defaults to 'int'; ISO C99 and later do not support implicit int [-Wimplicit-int]
  104 | main ()
      | ^
      | int
/home/youzhewei.linux/work/llvm-project/llvm-test-suite/SingleSource/Regression/C/gcc-c-torture/execute/int-compare.c:107:3: error: call to undeclared library function 'exit' with type 'void (int) __attribute__((noreturn))'; ISO C99 and later do not support implicit function declarations [-Wimplicit-function-declaration]
  107 |   exit (0);
      |   ^
/home/youzhewei.linux/work/llvm-project/llvm-test-suite/SingleSource/Regression/C/gcc-c-torture/execute/int-compare.c:107:3: note: include the header <stdlib.h> or explicitly provide a declaration for 'exit'
6 warnings and 18 errors generated.
