/home/youzhewei.linux/work/llvm-project/llvm-test-suite/SingleSource/Regression/C/gcc-c-torture/execute/packed-1.c:8:1: error: type specifier missing, defaults to 'int'; ISO C99 and later do not support implicit int [-Wimplicit-int]
    8 | f ()
      | ^
      | int
/home/youzhewei.linux/work/llvm-project/llvm-test-suite/SingleSource/Regression/C/gcc-c-torture/execute/packed-1.c:12:5: error: call to undeclared library function 'abort' with type 'void (void) __attribute__((noreturn))'; ISO C99 and later do not support implicit function declarations [-Wimplicit-function-declaration]
   12 |     abort ();
      |     ^
/home/youzhewei.linux/work/llvm-project/llvm-test-suite/SingleSource/Regression/C/gcc-c-torture/execute/packed-1.c:12:5: note: include the header <stdlib.h> or explicitly provide a declaration for 'abort'
/home/youzhewei.linux/work/llvm-project/llvm-test-suite/SingleSource/Regression/C/gcc-c-torture/execute/packed-1.c:15:1: error: type specifier missing, defaults to 'int'; ISO C99 and later do not support implicit int [-Wimplicit-int]
   15 | main ()
      | ^
      | int
/home/youzhewei.linux/work/llvm-project/llvm-test-suite/SingleSource/Regression/C/gcc-c-torture/execute/packed-1.c:18:3: error: call to undeclared library function 'exit' with type 'void (int) __attribute__((noreturn))'; ISO C99 and later do not support implicit function declarations [-Wimplicit-function-declaration]
   18 |   exit (0);
      |   ^
/home/youzhewei.linux/work/llvm-project/llvm-test-suite/SingleSource/Regression/C/gcc-c-torture/execute/packed-1.c:18:3: note: include the header <stdlib.h> or explicitly provide a declaration for 'exit'
4 errors generated.
