/home/youzhewei.linux/work/llvm-project/llvm-test-suite/SingleSource/Regression/C/gcc-c-torture/execute/pr15296.c:60:29: error: call to undeclared library function 'abort' with type 'void (void) __attribute__((noreturn))'; ISO C99 and later do not support implicit function declarations [-Wimplicit-function-declaration]
   60 | void g (void *a, char *b) { abort (); }
      |                             ^
/home/youzhewei.linux/work/llvm-project/llvm-test-suite/SingleSource/Regression/C/gcc-c-torture/execute/pr15296.c:60:29: note: include the header <stdlib.h> or explicitly provide a declaration for 'abort'
/home/youzhewei.linux/work/llvm-project/llvm-test-suite/SingleSource/Regression/C/gcc-c-torture/execute/pr15296.c:72:3: error: call to undeclared library function 'exit' with type 'void (int) __attribute__((noreturn))'; ISO C99 and later do not support implicit function declarations [-Wimplicit-function-declaration]
   72 |   exit (0);
      |   ^
/home/youzhewei.linux/work/llvm-project/llvm-test-suite/SingleSource/Regression/C/gcc-c-torture/execute/pr15296.c:72:3: note: include the header <stdlib.h> or explicitly provide a declaration for 'exit'
2 errors generated.
