/home/youzhewei.linux/work/llvm-project/llvm-test-suite/SingleSource/Regression/C/gcc-c-torture/execute/va-arg-20.c:7:2: error: call to undeclared library function 'abort' with type 'void (void) __attribute__((noreturn))'; ISO C99 and later do not support implicit function declarations [-Wimplicit-function-declaration]
    7 |         abort();
      |         ^
/home/youzhewei.linux/work/llvm-project/llvm-test-suite/SingleSource/Regression/C/gcc-c-torture/execute/va-arg-20.c:7:2: note: include the header <stdlib.h> or explicitly provide a declaration for 'abort'
/home/youzhewei.linux/work/llvm-project/llvm-test-suite/SingleSource/Regression/C/gcc-c-torture/execute/va-arg-20.c:13:17: warning: passing an object that undergoes default argument promotion to 'va_start' has undefined behavior [-Wvarargs]
   13 |     va_start(v, d);
      |                 ^
/home/youzhewei.linux/work/llvm-project/llvm-test-suite/SingleSource/Regression/C/gcc-c-torture/execute/va-arg-20.c:10:23: note: parameter of type 'char' is declared here
   10 | void bar(char c, char d, ...)
      |                       ^
/home/youzhewei.linux/work/llvm-project/llvm-test-suite/SingleSource/Regression/C/gcc-c-torture/execute/va-arg-20.c:21:5: error: call to undeclared library function 'exit' with type 'void (int) __attribute__((noreturn))'; ISO C99 and later do not support implicit function declarations [-Wimplicit-function-declaration]
   21 |     exit(0);
      |     ^
/home/youzhewei.linux/work/llvm-project/llvm-test-suite/SingleSource/Regression/C/gcc-c-torture/execute/va-arg-20.c:21:5: note: include the header <stdlib.h> or explicitly provide a declaration for 'exit'
1 warning and 2 errors generated.
