// CHECK:        -:    0:Source:{{.*}}Inputs/instrprof-shared-lib.c
// CHECK-NEXT:        -:    0:Graph:instrprof-shared-lib.gcno
// CHECK-NEXT:        -:    0:Data:instrprof-shared-lib.gcda
// CHECK-NEXT:        -:    0:Runs:1
// CHECK-NEXT:        -:    0:Programs:1
// CHECK-NEXT:        -:    1:int g1 = 0;
// CHECK-NEXT:        -:    2:int g2 = 1;
// CHECK-NEXT:        -:    3:
// CHECK-NEXT:        -:    4:void foo(int n) {
// CHECK-NEXT:        1:    5:  if (n % 5 == 0)
// CHECK-NEXT:    #####:    6:    g1++;
// CHECK-NEXT:        -:    7:  else
// CHECK-NEXT:        1:    8:    g2++;
// CHECK-NEXT:        1:    9:}
