/home/youzhewei.linux/work/llvm-project/llvm-test-suite/SingleSource/Regression/C/gcc-c-torture/execute/ieee/mzero3.c:16:1: error: type specifier missing, defaults to 'int'; ISO C99 and later do not support implicit int [-Wimplicit-int]
   16 | main ()
      | ^
      | int
/home/youzhewei.linux/work/llvm-project/llvm-test-suite/SingleSource/Regression/C/gcc-c-torture/execute/ieee/mzero3.c:22:3: error: call to undeclared library function 'exit' with type 'void (int) __attribute__((noreturn))'; ISO C99 and later do not support implicit function declarations [-Wimplicit-function-declaration]
   22 |   exit (0);
      |   ^
/home/youzhewei.linux/work/llvm-project/llvm-test-suite/SingleSource/Regression/C/gcc-c-torture/execute/ieee/mzero3.c:22:3: note: include the header <stdlib.h> or explicitly provide a declaration for 'exit'
/home/youzhewei.linux/work/llvm-project/llvm-test-suite/SingleSource/Regression/C/gcc-c-torture/execute/ieee/mzero3.c:29:10: error: call to undeclared library function 'memcmp' with type 'int (const void *, const void *, __size_t)' (aka 'int (const void *, const void *, unsigned long)'); ISO C99 and later do not support implicit function declarations [-Wimplicit-function-declaration]
   29 |       || memcmp ((void *)&value, (void *) &expected, sizeof (double)) != 0)
      |          ^
/home/youzhewei.linux/work/llvm-project/llvm-test-suite/SingleSource/Regression/C/gcc-c-torture/execute/ieee/mzero3.c:29:10: note: include the header <string.h> or explicitly provide a declaration for 'memcmp'
/home/youzhewei.linux/work/llvm-project/llvm-test-suite/SingleSource/Regression/C/gcc-c-torture/execute/ieee/mzero3.c:30:5: error: call to undeclared library function 'abort' with type 'void (void) __attribute__((noreturn))'; ISO C99 and later do not support implicit function declarations [-Wimplicit-function-declaration]
   30 |     abort ();
      |     ^
/home/youzhewei.linux/work/llvm-project/llvm-test-suite/SingleSource/Regression/C/gcc-c-torture/execute/ieee/mzero3.c:30:5: note: include the header <stdlib.h> or explicitly provide a declaration for 'abort'
4 errors generated.
