/home/youzhewei.linux/work/llvm-project/llvm-test-suite/SingleSource/UnitTests/Vector/LASX/lasx-xvandn.c:7:3: error: use of undeclared identifier '__m256i'
    7 |   __m256i __m256i_out, __m256i_result;
      |   ^~~~~~~
/home/youzhewei.linux/work/llvm-project/llvm-test-suite/SingleSource/UnitTests/Vector/LASX/lasx-xvandn.c:8:3: error: use of undeclared identifier '__m256'
    8 |   __m256 __m256_out, __m256_result;
      |   ^~~~~~
/home/youzhewei.linux/work/llvm-project/llvm-test-suite/SingleSource/UnitTests/Vector/LASX/lasx-xvandn.c:9:3: error: use of undeclared identifier '__m256d'
    9 |   __m256d __m256d_out, __m256d_result;
      |   ^~~~~~~
/home/youzhewei.linux/work/llvm-project/llvm-test-suite/SingleSource/UnitTests/Vector/LASX/lasx-xvandn.c:10:3: error: use of undeclared identifier 'v4u64'
   10 |   v4u64 v4u64_op0, v4u64_op1, v4u64_op2;
      |   ^~~~~
/home/youzhewei.linux/work/llvm-project/llvm-test-suite/SingleSource/UnitTests/Vector/LASX/lasx-xvandn.c:11:3: error: use of undeclared identifier 'v8i32'
   11 |   v8i32 v8i32_op0, v8i32_op1, v8i32_op2;
      |   ^~~~~
/home/youzhewei.linux/work/llvm-project/llvm-test-suite/SingleSource/UnitTests/Vector/LASX/lasx-xvandn.c:19:3: error: use of undeclared identifier 'v4u64_op0'
   19 |   v4u64_op0 = (v4u64){0x6bf742aa0d7856a0, 0x61f2e9b333aab104,
      |   ^~~~~~~~~
/home/youzhewei.linux/work/llvm-project/llvm-test-suite/SingleSource/UnitTests/Vector/LASX/lasx-xvandn.c:19:16: error: use of undeclared identifier 'v4u64'
   19 |   v4u64_op0 = (v4u64){0x6bf742aa0d7856a0, 0x61f2e9b333aab104,
      |                ^~~~~
/home/youzhewei.linux/work/llvm-project/llvm-test-suite/SingleSource/UnitTests/Vector/LASX/lasx-xvandn.c:21:3: error: use of undeclared identifier 'v4u64_op1'
   21 |   v4u64_op1 = (v4u64){0x6d3c2d3a89167aeb, 0x0000883a00000f20,
      |   ^~~~~~~~~
/home/youzhewei.linux/work/llvm-project/llvm-test-suite/SingleSource/UnitTests/Vector/LASX/lasx-xvandn.c:21:16: error: use of undeclared identifier 'v4u64'
   21 |   v4u64_op1 = (v4u64){0x6d3c2d3a89167aeb, 0x0000883a00000f20,
      |                ^~~~~
/home/youzhewei.linux/work/llvm-project/llvm-test-suite/SingleSource/UnitTests/Vector/LASX/lasx-xvandn.c:23:3: error: use of undeclared identifier '__m256i_result'
   23 |   __m256i_result = (__m256i){0x04082d108006284b, 0x0000000800000e20,
      |   ^~~~~~~~~~~~~~
/home/youzhewei.linux/work/llvm-project/llvm-test-suite/SingleSource/UnitTests/Vector/LASX/lasx-xvandn.c:23:21: error: use of undeclared identifier '__m256i'
   23 |   __m256i_result = (__m256i){0x04082d108006284b, 0x0000000800000e20,
      |                     ^~~~~~~
/home/youzhewei.linux/work/llvm-project/llvm-test-suite/SingleSource/UnitTests/Vector/LASX/lasx-xvandn.c:25:3: error: use of undeclared identifier '__m256i_out'
   25 |   __m256i_out = __lasx_xvandn_v((__m256)v4u64_op0, (__m256)v4u64_op1);
      |   ^~~~~~~~~~~
/home/youzhewei.linux/work/llvm-project/llvm-test-suite/SingleSource/UnitTests/Vector/LASX/lasx-xvandn.c:25:17: error: call to undeclared function '__lasx_xvandn_v'; ISO C99 and later do not support implicit function declarations [-Wimplicit-function-declaration]
   25 |   __m256i_out = __lasx_xvandn_v((__m256)v4u64_op0, (__m256)v4u64_op1);
      |                 ^
/home/youzhewei.linux/work/llvm-project/llvm-test-suite/SingleSource/UnitTests/Vector/LASX/lasx-xvandn.c:25:34: error: use of undeclared identifier '__m256'
   25 |   __m256i_out = __lasx_xvandn_v((__m256)v4u64_op0, (__m256)v4u64_op1);
      |                                  ^~~~~~
/home/youzhewei.linux/work/llvm-project/llvm-test-suite/SingleSource/UnitTests/Vector/LASX/lasx-xvandn.c:25:53: error: use of undeclared identifier '__m256'
   25 |   __m256i_out = __lasx_xvandn_v((__m256)v4u64_op0, (__m256)v4u64_op1);
      |                                                     ^~~~~~
/home/youzhewei.linux/work/llvm-project/llvm-test-suite/SingleSource/UnitTests/Vector/LASX/lasx-xvandn.c:26:19: error: use of undeclared identifier '__m256i_result'
   26 |   check_lasx_out(&__m256i_result, &__m256i_out, sizeof(__m256i_out), __FILE__, __LINE__);
      |                   ^~~~~~~~~~~~~~
/home/youzhewei.linux/work/llvm-project/llvm-test-suite/SingleSource/UnitTests/Vector/LASX/lasx-xvandn.c:26:36: error: use of undeclared identifier '__m256i_out'
   26 |   check_lasx_out(&__m256i_result, &__m256i_out, sizeof(__m256i_out), __FILE__, __LINE__);
      |                                    ^~~~~~~~~~~
/home/youzhewei.linux/work/llvm-project/llvm-test-suite/SingleSource/UnitTests/Vector/LASX/lasx-xvandn.c:26:56: error: use of undeclared identifier '__m256i_out'
   26 |   check_lasx_out(&__m256i_result, &__m256i_out, sizeof(__m256i_out), __FILE__, __LINE__);
      |                                                        ^~~~~~~~~~~
/home/youzhewei.linux/work/llvm-project/llvm-test-suite/SingleSource/UnitTests/Vector/LASX/lasx-xvandn.c:28:3: error: use of undeclared identifier 'v4u64_op0'
   28 |   v4u64_op0 = (v4u64){0x0000000000000000, 0x0000000000000000,
      |   ^~~~~~~~~
fatal error: too many errors emitted, stopping now [-ferror-limit=]
20 errors generated.
