### ISSUE TITLE
Make @llvm.eh.typeid.for outlining-friendly

### ISSUE THREAD

**Issue by vedantk** [llvm/llvm-project#38893]
|  |  |
| --- | --- |
| Bugzilla Link | [39545](https://llvm.org/bz39545) |
| Resolution | LATER |
| Resolved on | Jan 17, 2019 14:19 |
| Version | trunk |
| OS | All |
| Attachments | [IR with hot/cold splitting](https://user-images.githubusercontent.com/97683/143758297-2d19f1a7-b2e6-4210-ac54-1f248e80ffec.gz), [IR without hot/cold splitting](https://user-images.githubusercontent.com/97683/143758298-22aead62-92e8-4ac3-8b0b-5d88178e8767.gz) |
| CC | @aheejin,@dwblaikie,@fhahn,@francisvm,@hiraditya,@ornata,@rjmccall,@rnk,@sebpop |

## Extended Description 

When running this test program with `-hot-cold-split=true` (with https://reviews.llvm.org/D53887 applied), we’re supposed to see this output:

```
Caught exception: 0: base class
Caught exception: 1: base class
Caught exception: 2: base class
Caught exception: 3: base class
Caught exception: 4: base class
Caught exception: 5: base class
Caught exception: 6: base class
Caught exception: 7: base class
Caught exception: 8: base class
Caught exception: 9: base class
Caught exception: 0: derived class
Caught exception: 1: derived class
Caught exception: 2: derived class
Caught exception: 3: derived class
Caught exception: 4: derived class
Caught exception: 5: derived class
Caught exception: 6: derived class
Caught exception: 7: derived class
Caught exception: 8: derived class
Caught exception: 9: derived class
Caught exception: 0: base class
Caught exception: std::exception
Caught exception: std::exception
Caught unknown exception
Caught unknown exception
```

Instead, we see this:

```
Caught unknown exception
Caught unknown exception
Caught unknown exception
Caught unknown exception
Caught unknown exception
Caught unknown exception
Caught unknown exception
Caught unknown exception
Caught unknown exception
Caught unknown exception
Caught exception: 0: derived class
Caught exception: 1: derived class
Caught exception: 2: derived class
Caught exception: 3: derived class
Caught exception: 4: derived class
Caught exception: 5: derived class
Caught exception: 6: derived class
Caught exception: 7: derived class
Caught exception: 8: derived class
Caught exception: 9: derived class
Caught unknown exception
Caught exception: std::exception
Caught exception: std::exception
<segfault>
```

Here’s where we crash:

Regression-C++-class_hierarchy`main.cold.2:
    0x100001d47 <+0>:  pushq  %rbp
    0x100001d48 <+1>:  movq   %rsp, %rbp
    0x100001d4b <+4>:  pushq  %rbx
    0x100001d4c <+5>:  pushq  %rax
    0x100001d4d <+6>:  cmpl   $0x1, %edi
    0x100001d50 <+9>:  jne    0x100001d6c               ; <+37>
    0x100001d52 <+11>: movq   %rsi, %rdi
    0x100001d55 <+14>: callq  0x100001dcc               ; symbol stub for: __cxa_begin_catch
    0x100001d5a <+19>: movb   0x8(%rax), %cl
    0x100001d5d <+22>: addb   $0x30, %cl
    0x100001d60 <+25>: movq   0x10(%rax), %rdx
->  0x100001d64 <+29>: movb   %cl, (%rdx)
 
In the outlined catch path, we pass 0x101 (why?) to __cxa_begin_catch:

(lldb) reg read $rdi
     rdi = 0x0000000000000101

__cxa_begin_catch then returns a pointer to:

(lldb) x/8 $rax
0x100202e60: 0x00001f04 0x00000001 0x00000000 0x00000000
0x100202e70: 0x00000000 0x00000000 0x00000000 0x00000000

Clearly [$rax+16] is null, and we crash when we attempt to dereference that. But something looks like it's gone wrong by the point __cxa_begin_catch is called.

Looking at the IR before and after outlining, the issue isn't immediately jumping out at me. I've filed this because I'm worried this isn't just an issue with D53887, i.e. that there might be a more general problem with how CodeExtractor handles landingpads. I've attached the IR here.

**Comment by hiraditya** [comment]
Adding the patches posted by Vedant as text files.

[0001-WIP-ADT-Add-getArrayRef-to-UniqueVector.patch.txt](https://github.com/llvm/llvm-project/files/12222778/0001-WIP-ADT-Add-getArrayRef-to-UniqueVector.patch.txt)
[0002-WIP-EH-Explicitly-declare-type-tables-in-IR.patch.txt](https://github.com/llvm/llvm-project/files/12222779/0002-WIP-EH-Explicitly-declare-type-tables-in-IR.patch.txt)
[0003-WIP-EH-Share-type-tables-when-outlining.patch.txt](https://github.com/llvm/llvm-project/files/12222780/0003-WIP-EH-Share-type-tables-when-outlining.patch.txt)

**Comment by hiraditya** [comment]
Duplicate of: https://github.com/llvm/llvm-project/issues/39264

**Comment by EugeneZelenko** [comment]
Other issue is marked as duplicate of this one.

**Comment by hiraditya** [comment]
Adding attachments from: https://github.com/llvm/llvm-project/issues/39264 as this is an active bug.

[no-outlining.ll.txt](https://github.com/llvm/llvm-project/files/12222840/no-outlining.ll.txt)
[with-outlining.bad.S.txt](https://github.com/llvm/llvm-project/files/12222841/with-outlining.bad.S.txt)
[with-outlining.good.S.txt](https://github.com/llvm/llvm-project/files/12222842/with-outlining.good.S.txt)
[with-outlining.ll.txt](https://github.com/llvm/llvm-project/files/12222843/with-outlining.ll.txt)
