### ISSUE TITLE
Using `__builtin_clz` and `__builtin_ctz` in bpf target lead to segfault

### ISSUE THREAD

**Issue by thinkingfish** [llvm/llvm-project#62252]
When using `__builtin_clz` and `__builtin_ctz` in a simple bpf function (see below), Clang exits with
 139 due to segfault. In contrast,`__builtin_popcount` is correctly compiled with a portable implementation.

Looks like the bpf backend lacks portable implementations for these two builtins, and also doesn't handle the error gracefully by returning early with an informative error message but instead crashes.

Here's the minimal bpf program to reproduce using the C scaffolding in [libbpf-bootstrap](https://github.com/libbpf/libbpf-bootstrap), the accompanying `clz.c` and `Makefile` changes are trivial and omitted:
```C
// content of clz.bpf.c

#include <linux/bpf.h>
#include <bpf/bpf_helpers.h>

SEC("tracepoint/syscalls/sys_enter_execve")

unsigned char clz(unsigned long value) {
    return __builtin_clz(value);
}

int bpf_prog(void *ctx)
{
    unsigned long i = 1;
    bpf_printk("number of leading zeros: %u\n", clz(i));
    return 0;
}

char LICENSE[] SEC("license") = "Dual BSD/GPL";
```

Here's the error message when invoking `make clz`:
```console
  BPF      .output/clz.bpf.o
PLEASE submit a bug report to https://github.com/llvm/llvm-project/issues/ and include the crash backtrace, preprocessed source, and associated run script.
Stack dump:
0.	Program arguments: clang -g -O2 -target bpf -D__TARGET_ARCH_arm64 -I.output -I../../libbpf/include/uapi -I../../vmlinux/arm64/ -idirafter /usr/lib64/clang/14.0.6/include -idirafter /usr/local/include -idirafter /usr/include -c clz.bpf.c -o .output/clz.tmp.bpf.o
1.	<eof> parser at end of file
2.	Code generation
3.	Running pass 'Function Pass Manager' on module 'clz.bpf.c'.
4.	Running pass 'BPF DAG->DAG Pattern Instruction Selection' on function '@clz'
 #0 0x0000ffffb22f8f98 llvm::sys::PrintStackTrace(llvm::raw_ostream&, int) (/lib64/libLLVM-14.so+0xb48f98)
 #1 0x0000ffffb22f70e0 llvm::sys::RunSignalHandlers() (/lib64/libLLVM-14.so+0xb470e0)
 #2 0x0000ffffb22334cc (/lib64/libLLVM-14.so+0xa834cc)
 #3 0x0000ffffb95d37d0 (linux-vdso.so.1+0x7d0)
 #4 0x0000ffffb2979e38 llvm::SelectionDAG::createOperands(llvm::SDNode*, llvm::ArrayRef<llvm::SDValue>) (/lib64/libLLVM-14.so+0x11c9e38)
 #5 0x0000ffffb2999054 llvm::SelectionDAG::getNode(unsigned int, llvm::SDLoc const&, llvm::SDVTList, llvm::ArrayRef<llvm::SDValue>, llvm::SDNodeFlags) (/lib64/libLLVM-14.so+0x11e9054)
 #6 0x0000ffffb439ba3c (/lib64/libLLVM-14.so+0x2beba3c)
 #7 0x0000ffffb28b3b0c (/lib64/libLLVM-14.so+0x1103b0c)
 #8 0x0000ffffb28b34f4 llvm::SelectionDAG::Legalize() (/lib64/libLLVM-14.so+0x11034f4)
 #9 0x0000ffffb29aeb28 llvm::SelectionDAGISel::CodeGenAndEmitDAG() (/lib64/libLLVM-14.so+0x11feb28)
#10 0x0000ffffb29ae2d4 llvm::SelectionDAGISel::SelectAllBasicBlocks(llvm::Function const&) (/lib64/libLLVM-14.so+0x11fe2d4)
#11 0x0000ffffb29ac3a4 llvm::SelectionDAGISel::runOnMachineFunction(llvm::MachineFunction&) (/lib64/libLLVM-14.so+0x11fc3a4)
#12 0x0000ffffb2615fc8 llvm::MachineFunctionPass::runOnFunction(llvm::Function&) (/lib64/libLLVM-14.so+0xe65fc8)
#13 0x0000ffffb2425fe4 llvm::FPPassManager::runOnFunction(llvm::Function&) (/lib64/libLLVM-14.so+0xc75fe4)
#14 0x0000ffffb242b694 llvm::FPPassManager::runOnModule(llvm::Module&) (/lib64/libLLVM-14.so+0xc7b694)
#15 0x0000ffffb2426500 llvm::legacy::PassManagerImpl::run(llvm::Module&) (/lib64/libLLVM-14.so+0xc76500)
#16 0x0000ffffb7c348f4 clang::EmitBackendOutput(clang::DiagnosticsEngine&, clang::HeaderSearchOptions const&, clang::CodeGenOptions const&, clang::TargetOptions const&, clang::LangOptions const&, llvm::StringRef, llvm::Module*, clang::BackendAction, std::unique_ptr<llvm::raw_pwrite_stream, std::default_delete<llvm::raw_pwrite_stream> >) (/lib64/libclang-cpp.so.14+0x17a78f4)
#17 0x0000ffffb7f1ff34 (/lib64/libclang-cpp.so.14+0x1a92f34)
#18 0x0000ffffb6e7b618 clang::ParseAST(clang::Sema&, bool, bool) (/lib64/libclang-cpp.so.14+0x9ee618)
#19 0x0000ffffb8599c40 clang::FrontendAction::Execute() (/lib64/libclang-cpp.so.14+0x210cc40)
#20 0x0000ffffb853ae74 clang::CompilerInstance::ExecuteAction(clang::FrontendAction&) (/lib64/libclang-cpp.so.14+0x20ade74)
#21 0x0000ffffb85fbcf4 clang::ExecuteCompilerInvocation(clang::CompilerInstance*) (/lib64/libclang-cpp.so.14+0x216ecf4)
#22 0x0000aaaab2b331b0 cc1_main(llvm::ArrayRef<char const*>, char const*, void*) (/usr/bin/clang-14+0x131b0)
#23 0x0000aaaab2b2ffe4 (/usr/bin/clang-14+0xffe4)
#24 0x0000ffffb8293b3c (/lib64/libclang-cpp.so.14+0x1e06b3c)
#25 0x0000ffffb22331d4 llvm::CrashRecoveryContext::RunSafely(llvm::function_ref<void ()>) (/lib64/libLLVM-14.so+0xa831d4)
#26 0x0000ffffb829439c (/lib64/libclang-cpp.so.14+0x1e0739c)
#27 0x0000ffffb826e21c clang::driver::Compilation::ExecuteCommand(clang::driver::Command const&, clang::driver::Command const*&) const (/lib64/libclang-cpp.so.14+0x1de121c)
#28 0x0000ffffb826e920 clang::driver::Compilation::ExecuteJobs(clang::driver::JobList const&, llvm::SmallVectorImpl<std::pair<int, clang::driver::Command const*> >&) const (/lib64/libclang-cpp.so.14+0x1de1920)
#29 0x0000ffffb82777b0 clang::driver::Driver::ExecuteCompilation(clang::driver::Compilation&, llvm::SmallVectorImpl<std::pair<int, clang::driver::Command const*> >&) (/lib64/libclang-cpp.so.14+0x1dea7b0)
#30 0x0000aaaab2b2daa0 main (/usr/bin/clang-14+0xdaa0)
#31 0x0000ffffb13fa79c __libc_start_call_main (/lib64/libc.so.6+0x2c79c)
#32 0x0000ffffb13fa86c __libc_start_main@GLIBC_2.17 (/lib64/libc.so.6+0x2c86c)
#33 0x0000aaaab2b2f530 _start (/usr/bin/clang-14+0xf530)
clang-14: error: clang frontend command failed with exit code 139 (use -v to see invocation)
clang version 14.0.6 (Red Hat 14.0.6-4.el9_1)
Target: bpf
Thread model: posix
InstalledDir: /usr/bin
clang-14: note: diagnostic msg: 
********************

PLEASE ATTACH THE FOLLOWING FILES TO THE BUG REPORT:
Preprocessed source(s) and associated run script(s) are located at:
clang-14: note: diagnostic msg: /tmp/clz-de7f1c.c
clang-14: note: diagnostic msg: /tmp/clz-de7f1c.sh
clang-14: note: diagnostic msg: 

********************
make: *** [Makefile:111: .output/clz.bpf.o] Error 139
```

My teammate pointed out this is due to a NULL reference. 

```
(lldb) register read
General Purpose Registers:
       rax = 0x000000000051d0e0
       rbx = 0x00007fffffffc9f0
       rcx = 0x0000000000000002
       rdx = 0x0000000000000000
       rdi = 0x0000000000000000
       rsi = 0x0000000000000005
       rbp = 0x000000000051d100
       rsp = 0x00007fffffffc840
        r8 = 0x00007fffffffc8c0
        r9 = 0x0000000000000000
       r10 = 0x000000000051bf48
       r11 = 0x00000000004d0328
       r12 = 0x0000000000000005
       r13 = 0x0000000000000000
       r14 = 0x00000000004d0260
       r15 = 0x000000000051c2f0
       rip = 0x00007ffff2cf919f  libLLVM-14.so.1`llvm::SelectionDAG::createOperands(llvm::SDNode*, llvm::ArrayRef<llvm::SDValue>) + 303
    rflags = 0x0000000000010202
        cs = 0x0000000000000033
        fs = 0x0000000000000000
        gs = 0x0000000000000000
        ss = 0x000000000000002b
        ds = 0x0000000000000000
        es = 0x0000000000000000

(lldb) disassemble --pc
libLLVM-14.so.1`llvm::SelectionDAG::createOperands:
->  0x7ffff2cf919f <+303>: movq   0x30(%rdx), %rdi
```

[clz-de7f1c.zip](https://github.com/llvm/llvm-project/files/11279808/clz-de7f1c.zip)

**Comment by topperc** [comment]
For some reason these lines in BPFISelLowering.cpp say that there should be custom handling

```
  setOperationAction(ISD::CTTZ, MVT::i64, Custom);                               
  setOperationAction(ISD::CTLZ, MVT::i64, Custom);                               
  setOperationAction(ISD::CTTZ_ZERO_UNDEF, MVT::i64, Custom);                    
  setOperationAction(ISD::CTLZ_ZERO_UNDEF, MVT::i64, Custom); 
```

but there's no code for them in the function that is called for custom handling

```
SDValue BPFTargetLowering::LowerOperation(SDValue Op, SelectionDAG &DAG) const { 
  switch (Op.getOpcode()) {                                                      
  case ISD::BR_CC:                                                               
    return LowerBR_CC(Op, DAG);                                                  
  case ISD::GlobalAddress:                                                       
    return LowerGlobalAddress(Op, DAG);                                          
  case ISD::SELECT_CC:                                                           
    return LowerSELECT_CC(Op, DAG);                                              
  case ISD::DYNAMIC_STACKALLOC:                                                  
    report_fatal_error("Unsupported dynamic stack allocation");                  
  default:                                                                       
    llvm_unreachable("unimplemented operand");                                   
  }                                                                              
}     
```

**Comment by yangxi** [comment]
I wonder whether the BPF backend can uses the target-independent CTLZ, it seems that this LowerCTLZ is target-independent only requiring simple bit operations. (https://elixir.bootlin.com/llvm/llvmorg-16.0.2/source/llvm/lib/CodeGen/IntrinsicLowering.cpp#L187)
