<?xml version="1.0" encoding="UTF-8"?>
<testsuites time="8.61">
<testsuite name="Polly" tests="1087" failures="0" skipped="1" time="80.41">
<testcase classname="Polly.CodeGen" name="20100617.ll" time="0.03"/>
<testcase classname="Polly.CodeGen" name="20100622.ll" time="0.06"/>
<testcase classname="Polly.CodeGen" name="20100707.ll" time="0.03"/>
<testcase classname="Polly.CodeGen" name="20100707_2.ll" time="0.03"/>
<testcase classname="Polly.CodeGen" name="20100708.ll" time="0.03"/>
<testcase classname="Polly.CodeGen" name="20100708_2.ll" time="0.03"/>
<testcase classname="Polly.CodeGen" name="20100713.ll" time="0.03"/>
<testcase classname="Polly.CodeGen" name="20100713_2.ll" time="0.03"/>
<testcase classname="Polly.CodeGen" name="20100717.ll" time="0.03"/>
<testcase classname="Polly.CodeGen" name="20100718-DomInfo-2.ll" time="0.03"/>
<testcase classname="Polly.CodeGen" name="20100718-DomInfo.ll" time="0.03"/>
<testcase classname="Polly.CodeGen" name="20100720-MultipleConditions.ll" time="0.04"/>
<testcase classname="Polly.CodeGen" name="20100809-IndependentBlock.ll" time="0.03"/>
<testcase classname="Polly.CodeGen" name="20100811-ScalarDependencyBetweenBrAndCnd.ll" time="0.03"/>
<testcase classname="Polly.CodeGen" name="20101030-Overflow.ll" time="0.03"/>
<testcase classname="Polly.CodeGen" name="20101103-Overflow3.ll" time="0.04"/>
<testcase classname="Polly.CodeGen" name="20101103-signmissmatch.ll" time="0.04"/>
<testcase classname="Polly.CodeGen" name="20110226-Ignore-Dead-Code.ll" time="0.03"/>
<testcase classname="Polly.CodeGen" name="20110226-PHI-Node-removed.ll" time="0.03"/>
<testcase classname="Polly.CodeGen" name="20120316-InvalidCast.ll" time="0.03"/>
<testcase classname="Polly.CodeGen" name="20120403-RHS-type-mismatch.ll" time="0.03"/>
<testcase classname="Polly.CodeGen" name="20130221.ll" time="0.07"/>
<testcase classname="Polly.CodeGen" name="20150328-SCEVExpanderIntroducesNewIV.ll" time="0.07"/>
<testcase classname="Polly.CodeGen/Intrinsics" name="llvm-expect.ll" time="0.03"/>
<testcase classname="Polly.CodeGen/LoopParallelMD" name="do_not_mutate_debug_info.ll" time="0.03"/>
<testcase classname="Polly.CodeGen/LoopParallelMD" name="loop_nest_param_parallel.ll" time="0.05"/>
<testcase classname="Polly.CodeGen/LoopParallelMD" name="single_loop_param_parallel.ll" time="0.08"/>
<testcase classname="Polly.CodeGen/MemAccess" name="bad_alignment.ll" time="0.06"/>
<testcase classname="Polly.CodeGen/MemAccess" name="codegen_address_space.ll" time="0.04"/>
<testcase classname="Polly.CodeGen/MemAccess" name="codegen_constant_offset.ll" time="0.05"/>
<testcase classname="Polly.CodeGen/MemAccess" name="codegen_simple.ll" time="0.05"/>
<testcase classname="Polly.CodeGen/MemAccess" name="codegen_simple_float.ll" time="0.04"/>
<testcase classname="Polly.CodeGen/MemAccess" name="codegen_simple_md.ll" time="0.09"/>
<testcase classname="Polly.CodeGen/MemAccess" name="codegen_simple_md_float.ll" time="0.09"/>
<testcase classname="Polly.CodeGen/MemAccess" name="create_arrays.ll" time="0.08"/>
<testcase classname="Polly.CodeGen/MemAccess" name="create_arrays_heap.ll" time="0.09"/>
<testcase classname="Polly.CodeGen/MemAccess" name="default_aligned_new_access_function.ll" time="0.04"/>
<testcase classname="Polly.CodeGen/MemAccess" name="different_types.ll" time="0.05"/>
<testcase classname="Polly.CodeGen/MemAccess" name="generate-all.ll" time="0.08"/>
<testcase classname="Polly.CodeGen/MemAccess" name="invariant_base_ptr.ll" time="0.04"/>
<testcase classname="Polly.CodeGen/MemAccess" name="map_scalar_access.ll" time="0.10"/>
<testcase classname="Polly.CodeGen/MemAccess" name="multiple_types.ll" time="0.05"/>
<testcase classname="Polly.CodeGen/MemAccess" name="simple.ll" time="0.04"/>
<testcase classname="Polly.CodeGen/MemAccess" name="simple_analyze.ll" time="0.04"/>
<testcase classname="Polly.CodeGen/MemAccess" name="update_access_functions.ll" time="0.06"/>
<testcase classname="Polly.CodeGen/Metadata" name="basic_vec_annotate.ll" time="0.05"/>
<testcase classname="Polly.CodeGen/OpenMP" name="alias-metadata.ll" time="0.04"/>
<testcase classname="Polly.CodeGen/OpenMP" name="floord-as-argument-to-subfunction.ll" time="0.04"/>
<testcase classname="Polly.CodeGen/OpenMP" name="inlineasm.ll" time="0.04"/>
<testcase classname="Polly.CodeGen/OpenMP" name="invariant_base_pointer_preloaded.ll" time="0.04"/>
<testcase classname="Polly.CodeGen/OpenMP" name="invariant_base_pointer_preloaded_different_bb.ll" time="0.04"/>
<testcase classname="Polly.CodeGen/OpenMP" name="invariant_base_pointer_preloaded_pass_only_needed.ll" time="0.05"/>
<testcase classname="Polly.CodeGen/OpenMP" name="invariant_base_pointers_preloaded.ll" time="0.08"/>
<testcase classname="Polly.CodeGen/OpenMP" name="loop-body-references-outer-iv.ll" time="0.10"/>
<testcase classname="Polly.CodeGen/OpenMP" name="loop-body-references-outer-values-2.ll" time="0.11"/>
<testcase classname="Polly.CodeGen/OpenMP" name="loop-body-references-outer-values-3.ll" time="0.09"/>
<testcase classname="Polly.CodeGen/OpenMP" name="loop-body-references-outer-values.ll" time="0.06"/>
<testcase classname="Polly.CodeGen/OpenMP" name="loop-bounds-reference-outer-ids.ll" time="0.10"/>
<testcase classname="Polly.CodeGen/OpenMP" name="mapped-phi-access.ll" time="0.06"/>
<testcase classname="Polly.CodeGen/OpenMP" name="matmul-parallel.ll" time="2.18"/>
<testcase classname="Polly.CodeGen/OpenMP" name="new_multidim_access.ll" time="0.08"/>
<testcase classname="Polly.CodeGen/OpenMP" name="recomputed-srem.ll" time="0.08"/>
<testcase classname="Polly.CodeGen/OpenMP" name="reference-argument-from-non-affine-region.ll" time="0.10"/>
<testcase classname="Polly.CodeGen/OpenMP" name="reference-other-bb.ll" time="0.04"/>
<testcase classname="Polly.CodeGen/OpenMP" name="reference-preceeding-loop.ll" time="0.12"/>
<testcase classname="Polly.CodeGen/OpenMP" name="reference_latest.ll" time="0.08"/>
<testcase classname="Polly.CodeGen/OpenMP" name="scev-rewriting.ll" time="0.05"/>
<testcase classname="Polly.CodeGen/OpenMP" name="single_loop.ll" time="0.29"/>
<testcase classname="Polly.CodeGen/OpenMP" name="single_loop_with_loop_invariant_baseptr.ll" time="0.07"/>
<testcase classname="Polly.CodeGen/OpenMP" name="single_loop_with_param.ll" time="0.09"/>
<testcase classname="Polly.CodeGen/OpenMP" name="two-parallel-loops-reference-outer-indvar.ll" time="0.10"/>
<testcase classname="Polly.CodeGen" name="PHIInExit.ll" time="0.04"/>
<testcase classname="Polly.CodeGen/RuntimeDebugBuilder" name="combine_different_values.ll" time="0.04"/>
<testcase classname="Polly.CodeGen/RuntimeDebugBuilder" name="stmt_tracing.ll" time="0.04"/>
<testcase classname="Polly.CodeGen" name="alias-check-multi-dim.ll" time="0.05"/>
<testcase classname="Polly.CodeGen" name="alias_metadata_too_many_arrays.ll" time="0.07"/>
<testcase classname="Polly.CodeGen" name="aliasing_different_base_and_access_type.ll" time="0.04"/>
<testcase classname="Polly.CodeGen" name="aliasing_different_pointer_types.ll" time="0.04"/>
<testcase classname="Polly.CodeGen" name="aliasing_multidimensional_access.ll" time="0.06"/>
<testcase classname="Polly.CodeGen" name="aliasing_parametric_simple_1.ll" time="0.04"/>
<testcase classname="Polly.CodeGen" name="aliasing_parametric_simple_2.ll" time="0.04"/>
<testcase classname="Polly.CodeGen" name="aliasing_struct_element.ll" time="0.04"/>
<testcase classname="Polly.CodeGen" name="alignment.ll" time="0.04"/>
<testcase classname="Polly.CodeGen" name="annotated_alias_scopes.ll" time="0.04"/>
<testcase classname="Polly.CodeGen" name="blas_sscal_simplified.ll" time="0.04"/>
<testcase classname="Polly.CodeGen" name="conflict-between-loop-invariant-code-hosting-and-escape-map-computation.ll" time="0.03"/>
<testcase classname="Polly.CodeGen" name="constant_condition.ll" time="0.04"/>
<testcase classname="Polly.CodeGen" name="create-conditional-scop.ll" time="0.04"/>
<testcase classname="Polly.CodeGen" name="dead_invariant_load_instruction_referenced_by_parameter_1.ll" time="0.03"/>
<testcase classname="Polly.CodeGen" name="dead_invariant_load_instruction_referenced_by_parameter_2.ll" time="0.03"/>
<testcase classname="Polly.CodeGen" name="debug-intrinsics.ll" time="0.08"/>
<testcase classname="Polly.CodeGen" name="dominance_problem_after_early_codegen_bailout.ll" time="0.04"/>
<testcase classname="Polly.CodeGen" name="empty_domain_in_context.ll" time="0.07"/>
<testcase classname="Polly.CodeGen" name="entry_with_trivial_phi.ll" time="0.04"/>
<testcase classname="Polly.CodeGen" name="entry_with_trivial_phi_other_bb.ll" time="0.04"/>
<testcase classname="Polly.CodeGen" name="error-stmt-in-non-affine-region.ll" time="0.04"/>
<testcase classname="Polly.CodeGen" name="error_block_contains_invalid_memory_access.ll" time="0.04"/>
<testcase classname="Polly.CodeGen" name="exprModDiv.ll" time="0.12"/>
<testcase classname="Polly.CodeGen" name="hoisted_load_escapes_through_phi.ll" time="0.06"/>
<testcase classname="Polly.CodeGen" name="hoisting_1.ll" time="0.04"/>
<testcase classname="Polly.CodeGen" name="hoisting_2.ll" time="0.04"/>
<testcase classname="Polly.CodeGen" name="inner_scev_sdiv_1.ll" time="0.04"/>
<testcase classname="Polly.CodeGen" name="inner_scev_sdiv_2.ll" time="0.04"/>
<testcase classname="Polly.CodeGen" name="inner_scev_sdiv_3.ll" time="0.04"/>
<testcase classname="Polly.CodeGen" name="inner_scev_sdiv_in_lb.ll" time="0.07"/>
<testcase classname="Polly.CodeGen" name="inner_scev_sdiv_in_lb_invariant.ll" time="0.04"/>
<testcase classname="Polly.CodeGen" name="inner_scev_sdiv_in_rtc.ll" time="0.05"/>
<testcase classname="Polly.CodeGen" name="intrinsics_lifetime.ll" time="0.05"/>
<testcase classname="Polly.CodeGen" name="intrinsics_misc.ll" time="0.06"/>
<testcase classname="Polly.CodeGen" name="inv-load-lnt-crash-wrong-order-2.ll" time="0.04"/>
<testcase classname="Polly.CodeGen" name="inv-load-lnt-crash-wrong-order-3.ll" time="0.05"/>
<testcase classname="Polly.CodeGen" name="inv-load-lnt-crash-wrong-order.ll" time="0.04"/>
<testcase classname="Polly.CodeGen" name="invariant-load-dimension.ll" time="0.08"/>
<testcase classname="Polly.CodeGen" name="invariant-load-preload-base-pointer-origin-first.ll" time="0.04"/>
<testcase classname="Polly.CodeGen" name="invariant_cannot_handle_void.ll" time="0.07"/>
<testcase classname="Polly.CodeGen" name="invariant_load.ll" time="0.04"/>
<testcase classname="Polly.CodeGen" name="invariant_load_address_space.ll" time="0.08"/>
<testcase classname="Polly.CodeGen" name="invariant_load_alias_metadata.ll" time="0.05"/>
<testcase classname="Polly.CodeGen" name="invariant_load_base_pointer.ll" time="0.10"/>
<testcase classname="Polly.CodeGen" name="invariant_load_base_pointer_conditional.ll" time="0.04"/>
<testcase classname="Polly.CodeGen" name="invariant_load_base_pointer_conditional_2.ll" time="0.13"/>
<testcase classname="Polly.CodeGen" name="invariant_load_canonicalize_array_baseptrs.ll" time="0.04"/>
<testcase classname="Polly.CodeGen" name="invariant_load_condition.ll" time="0.05"/>
<testcase classname="Polly.CodeGen" name="invariant_load_different_sized_types.ll" time="0.04"/>
<testcase classname="Polly.CodeGen" name="invariant_load_escaping.ll" time="0.03"/>
<testcase classname="Polly.CodeGen" name="invariant_load_escaping_second_scop.ll" time="0.05"/>
<testcase classname="Polly.CodeGen" name="invariant_load_in_non_affine_subregion.ll" time="0.04"/>
<testcase classname="Polly.CodeGen" name="invariant_load_loop_ub.ll" time="0.04"/>
<testcase classname="Polly.CodeGen" name="invariant_load_not_executed_but_in_parameters.ll" time="0.03"/>
<testcase classname="Polly.CodeGen" name="invariant_load_outermost.ll" time="0.03"/>
<testcase classname="Polly.CodeGen" name="invariant_load_parameters_cyclic_dependence.ll" time="0.08"/>
<testcase classname="Polly.CodeGen" name="invariant_load_ptr_ptr_noalias.ll" time="0.03"/>
<testcase classname="Polly.CodeGen" name="invariant_load_scalar_dep.ll" time="0.03"/>
<testcase classname="Polly.CodeGen" name="invariant_load_scalar_escape_alloca_sharing.ll" time="0.04"/>
<testcase classname="Polly.CodeGen" name="invariant_loads_from_struct_with_different_types_1.ll" time="0.03"/>
<testcase classname="Polly.CodeGen" name="invariant_loads_from_struct_with_different_types_2.ll" time="0.03"/>
<testcase classname="Polly.CodeGen" name="invariant_loads_ignore_parameter_bounds.ll" time="0.03"/>
<testcase classname="Polly.CodeGen" name="invariant_verify_function_failed.ll" time="0.03"/>
<testcase classname="Polly.CodeGen" name="invariant_verify_function_failed_2.ll" time="0.07"/>
<testcase classname="Polly.CodeGen" name="issue56692.ll" time="0.04"/>
<testcase classname="Polly.CodeGen" name="large-numbers-in-boundary-context.ll" time="0.04"/>
<testcase classname="Polly.CodeGen" name="load_subset_with_context.ll" time="0.06"/>
<testcase classname="Polly.CodeGen" name="loop-invariant-load-type-mismatch.ll" time="0.04"/>
<testcase classname="Polly.CodeGen" name="loop_with_condition.ll" time="0.03"/>
<testcase classname="Polly.CodeGen" name="loop_with_condition_2.ll" time="0.04"/>
<testcase classname="Polly.CodeGen" name="loop_with_condition_ineq.ll" time="0.03"/>
<testcase classname="Polly.CodeGen" name="loop_with_condition_nested.ll" time="0.07"/>
<testcase classname="Polly.CodeGen" name="loop_with_conditional_entry_edge_split_hard_case.ll" time="0.03"/>
<testcase classname="Polly.CodeGen" name="memcpy_annotations.ll" time="0.07"/>
<testcase classname="Polly.CodeGen" name="multidim-non-matching-typesize-2.ll" time="0.04"/>
<testcase classname="Polly.CodeGen" name="multidim-non-matching-typesize.ll" time="0.03"/>
<testcase classname="Polly.CodeGen" name="multidim_2d_parametric_array_static_loop_bounds.ll" time="0.04"/>
<testcase classname="Polly.CodeGen" name="multidim_alias_check.ll" time="0.04"/>
<testcase classname="Polly.CodeGen" name="multiple-codegens.ll" time="0.08"/>
<testcase classname="Polly.CodeGen" name="multiple-scops-in-a-row.ll" time="0.03"/>
<testcase classname="Polly.CodeGen" name="multiple-types-invariant-load-2.ll" time="0.03"/>
<testcase classname="Polly.CodeGen" name="multiple-types-invariant-load.ll" time="0.03"/>
<testcase classname="Polly.CodeGen" name="multiple_sai_fro_same_base_address.ll" time="0.05"/>
<testcase classname="Polly.CodeGen" name="no-overflow-tracking.ll" time="0.08"/>
<testcase classname="Polly.CodeGen" name="no_guard_bb.ll" time="0.03"/>
<testcase classname="Polly.CodeGen" name="non-affine-dominance-generated-entering.ll" time="0.03"/>
<testcase classname="Polly.CodeGen" name="non-affine-exit-node-dominance.ll" time="0.03"/>
<testcase classname="Polly.CodeGen" name="non-affine-phi-node-expansion-2.ll" time="0.03"/>
<testcase classname="Polly.CodeGen" name="non-affine-phi-node-expansion-3.ll" time="0.03"/>
<testcase classname="Polly.CodeGen" name="non-affine-phi-node-expansion-4.ll" time="0.03"/>
<testcase classname="Polly.CodeGen" name="non-affine-phi-node-expansion.ll" time="0.03"/>
<testcase classname="Polly.CodeGen" name="non-affine-region-exit-phi-incoming-synthesize-2.ll" time="0.03"/>
<testcase classname="Polly.CodeGen" name="non-affine-region-exit-phi-incoming-synthesize.ll" time="0.02"/>
<testcase classname="Polly.CodeGen" name="non-affine-region-implicit-store.ll" time="0.03"/>
<testcase classname="Polly.CodeGen" name="non-affine-region-phi-references-in-scop-value.ll" time="0.03"/>
<testcase classname="Polly.CodeGen" name="non-affine-subregion-dominance-reuse.ll" time="0.03"/>
<testcase classname="Polly.CodeGen" name="non-affine-switch.ll" time="0.03"/>
<testcase classname="Polly.CodeGen" name="non-affine-synthesized-in-branch.ll" time="0.03"/>
<testcase classname="Polly.CodeGen" name="non-affine-update.ll" time="0.04"/>
<testcase classname="Polly.CodeGen" name="non-hoisted-load-needed-as-base-ptr.ll" time="0.03"/>
<testcase classname="Polly.CodeGen" name="non_affine_float_compare.ll" time="0.04"/>
<testcase classname="Polly.CodeGen" name="only_non_affine_error_region.ll" time="0.03"/>
<testcase classname="Polly.CodeGen" name="openmp_limit_threads.ll" time="0.21"/>
<testcase classname="Polly.CodeGen" name="out-of-scop-phi-node-use.ll" time="0.03"/>
<testcase classname="Polly.CodeGen" name="param_div_div_div_2.ll" time="0.06"/>
<testcase classname="Polly.CodeGen" name="partial_write_array.ll" time="0.04"/>
<testcase classname="Polly.CodeGen" name="partial_write_emptyset.ll" time="0.04"/>
<testcase classname="Polly.CodeGen" name="partial_write_full_write_that_appears_partial.ll" time="0.03"/>
<testcase classname="Polly.CodeGen" name="partial_write_impossible_restriction.ll" time="0.07"/>
<testcase classname="Polly.CodeGen" name="partial_write_in_region.ll" time="0.03"/>
<testcase classname="Polly.CodeGen" name="partial_write_in_region_with_loop.ll" time="0.04"/>
<testcase classname="Polly.CodeGen" name="partial_write_mapped_scalar.ll" time="0.05"/>
<testcase classname="Polly.CodeGen" name="partial_write_mapped_scalar_subregion.ll" time="0.04"/>
<testcase classname="Polly.CodeGen" name="perf_monitoring.ll" time="0.03"/>
<testcase classname="Polly.CodeGen" name="perf_monitoring_cycles_per_scop.ll" time="0.04"/>
<testcase classname="Polly.CodeGen" name="perf_monitoring_trip_counts_per_scop.ll" time="0.04"/>
<testcase classname="Polly.CodeGen" name="phi-defined-before-scop.ll" time="0.03"/>
<testcase classname="Polly.CodeGen" name="phi_after_error_block_outside_of_scop.ll" time="0.03"/>
<testcase classname="Polly.CodeGen" name="phi_condition_modeling_1.ll" time="0.04"/>
<testcase classname="Polly.CodeGen" name="phi_condition_modeling_2.ll" time="0.04"/>
<testcase classname="Polly.CodeGen" name="phi_conditional_simple_1.ll" time="0.08"/>
<testcase classname="Polly.CodeGen" name="phi_in_exit_early_lnt_failure_1.ll" time="0.03"/>
<testcase classname="Polly.CodeGen" name="phi_in_exit_early_lnt_failure_2.ll" time="0.03"/>
<testcase classname="Polly.CodeGen" name="phi_in_exit_early_lnt_failure_3.ll" time="0.03"/>
<testcase classname="Polly.CodeGen" name="phi_in_exit_early_lnt_failure_5.ll" time="0.03"/>
<testcase classname="Polly.CodeGen" name="phi_loop_carried_float.ll" time="0.04"/>
<testcase classname="Polly.CodeGen" name="phi_loop_carried_float_escape.ll" time="0.07"/>
<testcase classname="Polly.CodeGen" name="phi_scalar_simple_1.ll" time="0.06"/>
<testcase classname="Polly.CodeGen" name="phi_scalar_simple_2.ll" time="0.10"/>
<testcase classname="Polly.CodeGen" name="phi_with_multi_exiting_edges_2.ll" time="0.04"/>
<testcase classname="Polly.CodeGen" name="phi_with_one_exit_edge.ll" time="0.03"/>
<testcase classname="Polly.CodeGen" name="pointer-type-expressions-2.ll" time="0.07"/>
<testcase classname="Polly.CodeGen" name="pointer-type-expressions.ll" time="0.07"/>
<testcase classname="Polly.CodeGen" name="pointer-type-pointer-type-comparison.ll" time="0.08"/>
<testcase classname="Polly.CodeGen" name="pointer_rem.ll" time="0.12"/>
<testcase classname="Polly.CodeGen" name="pr25241.ll" time="0.03"/>
<testcase classname="Polly.CodeGen" name="ptrtoint_as_parameter.ll" time="0.03"/>
<testcase classname="Polly.CodeGen" name="read-only-scalars.ll" time="0.06"/>
<testcase classname="Polly.CodeGen" name="reduction.ll" time="0.05"/>
<testcase classname="Polly.CodeGen" name="reduction_2.ll" time="0.03"/>
<testcase classname="Polly.CodeGen" name="reduction_simple_binary.ll" time="0.03"/>
<testcase classname="Polly.CodeGen" name="reggen_domtree_crash.ll" time="0.04"/>
<testcase classname="Polly.CodeGen" name="region-with-instructions.ll" time="0.04"/>
<testcase classname="Polly.CodeGen" name="region_exiting-domtree.ll" time="0.03"/>
<testcase classname="Polly.CodeGen" name="region_multiexit_partialwrite.ll" time="0.05"/>
<testcase classname="Polly.CodeGen" name="run-time-condition-with-scev-parameters.ll" time="0.06"/>
<testcase classname="Polly.CodeGen" name="run-time-condition.ll" time="0.03"/>
<testcase classname="Polly.CodeGen" name="scalar-references-used-in-scop-compute.ll" time="0.03"/>
<testcase classname="Polly.CodeGen" name="scalar-store-from-same-bb.ll" time="0.03"/>
<testcase classname="Polly.CodeGen" name="scalar_codegen_crash.ll" time="0.04"/>
<testcase classname="Polly.CodeGen" name="scev-backedgetaken.ll" time="0.06"/>
<testcase classname="Polly.CodeGen" name="scev-division-invariant-load.ll" time="0.03"/>
<testcase classname="Polly.CodeGen" name="scev.ll" time="0.02"/>
<testcase classname="Polly.CodeGen" name="scev_expansion_in_nonaffine.ll" time="0.07"/>
<testcase classname="Polly.CodeGen" name="scev_looking_through_bitcasts.ll" time="0.03"/>
<testcase classname="Polly.CodeGen" name="scop_expander_insert_point.ll" time="0.03"/>
<testcase classname="Polly.CodeGen" name="scop_expander_segfault.ll" time="0.03"/>
<testcase classname="Polly.CodeGen" name="scop_never_executed_runtime_check_location.ll" time="0.03"/>
<testcase classname="Polly.CodeGen" name="select-base-pointer.ll" time="0.03"/>
<testcase classname="Polly.CodeGen" name="sequential_loops.ll" time="0.03"/>
<testcase classname="Polly.CodeGen" name="simple_loop_non_single_exit.ll" time="0.03"/>
<testcase classname="Polly.CodeGen" name="simple_loop_non_single_exit_2.ll" time="0.03"/>
<testcase classname="Polly.CodeGen" name="simple_non_single_entry.ll" time="0.03"/>
<testcase classname="Polly.CodeGen" name="simple_nonaffine_loop.ll" time="0.03"/>
<testcase classname="Polly.CodeGen" name="single_do_loop_int_max_iterations.ll" time="0.03"/>
<testcase classname="Polly.CodeGen" name="single_do_loop_int_param_iterations.ll" time="0.04"/>
<testcase classname="Polly.CodeGen" name="single_do_loop_ll_max_iterations.ll" time="0.06"/>
<testcase classname="Polly.CodeGen" name="single_do_loop_one_iteration.ll" time="0.03"/>
<testcase classname="Polly.CodeGen" name="single_do_loop_scev_replace.ll" time="0.03"/>
<testcase classname="Polly.CodeGen" name="single_loop.ll" time="0.03"/>
<testcase classname="Polly.CodeGen" name="single_loop_int_max_iterations.ll" time="0.03"/>
<testcase classname="Polly.CodeGen" name="single_loop_ll_max_iterations.ll" time="0.03"/>
<testcase classname="Polly.CodeGen" name="single_loop_one_iteration.ll" time="0.03"/>
<testcase classname="Polly.CodeGen" name="single_loop_param.ll" time="0.03"/>
<testcase classname="Polly.CodeGen" name="single_loop_param_less_equal.ll" time="0.10"/>
<testcase classname="Polly.CodeGen" name="single_loop_param_less_than.ll" time="0.06"/>
<testcase classname="Polly.CodeGen" name="single_loop_zero_iterations.ll" time="0.03"/>
<testcase classname="Polly.CodeGen" name="split_edge_of_exit.ll" time="0.06"/>
<testcase classname="Polly.CodeGen" name="split_edges.ll" time="0.03"/>
<testcase classname="Polly.CodeGen" name="split_edges_2.ll" time="0.03"/>
<testcase classname="Polly.CodeGen" name="srem-in-other-bb.ll" time="0.05"/>
<testcase classname="Polly.CodeGen" name="stack-overflow-in-load-hoisting.ll" time="0.04"/>
<testcase classname="Polly.CodeGen" name="stmt_split_no_dependence.ll" time="0.03"/>
<testcase classname="Polly.CodeGen" name="switch-in-non-affine-region.ll" time="0.03"/>
<testcase classname="Polly.CodeGen" name="synthesizable_phi_write_after_loop.ll" time="0.03"/>
<testcase classname="Polly.CodeGen" name="test-invalid-operands-for-select-2.ll" time="0.08"/>
<testcase classname="Polly.CodeGen" name="test-invalid-operands-for-select.ll" time="0.11"/>
<testcase classname="Polly.CodeGen" name="test.ll" time="0.04"/>
<testcase classname="Polly.CodeGen" name="two-loops-right-after-each-other-2.ll" time="0.04"/>
<testcase classname="Polly.CodeGen" name="two-scops-in-row-invalidate-scevs.ll" time="0.05"/>
<testcase classname="Polly.CodeGen" name="two-scops-in-row.ll" time="0.07"/>
<testcase classname="Polly.CodeGen" name="udiv_expansion_position.ll" time="0.03"/>
<testcase classname="Polly.CodeGen" name="uninitialized_scalar_memory.ll" time="0.03"/>
<testcase classname="Polly.CodeGen" name="unpredictable-loop-unsynthesizable.ll" time="0.06"/>
<testcase classname="Polly.CodeGen" name="variant_load_empty_domain.ll" time="0.03"/>
<testcase classname="Polly.CodeGen" name="whole-scop-non-affine-subregion.ll" time="0.03"/>
<testcase classname="Polly.DeLICM" name="confused_order.ll" time="0.07"/>
<testcase classname="Polly.DeLICM" name="contradicting_assumed_context_and_domain.ll" time="0.04"/>
<testcase classname="Polly.DeLICM" name="load-in-cond-inf-loop.ll" time="0.06"/>
<testcase classname="Polly.DeLICM" name="map_memset_zero.ll" time="0.07"/>
<testcase classname="Polly.DeLICM" name="nomap_alreadymapped.ll" time="0.06"/>
<testcase classname="Polly.DeLICM" name="nomap_escaping.ll" time="0.04"/>
<testcase classname="Polly.DeLICM" name="nomap_occupied.ll" time="0.04"/>
<testcase classname="Polly.DeLICM" name="nomap_readonly.ll" time="0.04"/>
<testcase classname="Polly.DeLICM" name="nomap_spuriouswrite.ll" time="0.05"/>
<testcase classname="Polly.DeLICM" name="nomap_storagesize.ll" time="0.03"/>
<testcase classname="Polly.DeLICM" name="nomap_writewrite.ll" time="0.04"/>
<testcase classname="Polly.DeLICM" name="outofquota-reverseDomain.ll" time="0.48"/>
<testcase classname="Polly.DeLICM" name="pass_existence.ll" time="0.09"/>
<testcase classname="Polly.DeLICM" name="pr41656.ll" time="0.05"/>
<testcase classname="Polly.DeLICM" name="pr48783.ll" time="0.05"/>
<testcase classname="Polly.DeLICM" name="reduction.ll" time="0.06"/>
<testcase classname="Polly.DeLICM" name="reduction_constant_selfconflict.ll" time="0.06"/>
<testcase classname="Polly.DeLICM" name="reduction_looprotate.ll" time="0.03"/>
<testcase classname="Polly.DeLICM" name="reduction_looprotate_alwaystaken.ll" time="0.11"/>
<testcase classname="Polly.DeLICM" name="reduction_looprotate_gvnpre.ll" time="0.18"/>
<testcase classname="Polly.DeLICM" name="reduction_looprotate_gvnpre_cond1.ll" time="0.07"/>
<testcase classname="Polly.DeLICM" name="reduction_looprotate_gvnpre_cond2.ll" time="0.07"/>
<testcase classname="Polly.DeLICM" name="reduction_looprotate_gvnpre_nopreheader.ll" time="0.06"/>
<testcase classname="Polly.DeLICM" name="reduction_looprotate_hoisted.ll" time="0.13"/>
<testcase classname="Polly.DeLICM" name="reduction_looprotate_licm.ll" time="0.08"/>
<testcase classname="Polly.DeLICM" name="reduction_looprotate_licm2.ll" time="0.08"/>
<testcase classname="Polly.DeLICM" name="reduction_looprotate_licm_double_write.ll" time="0.08"/>
<testcase classname="Polly.DeLICM" name="reduction_looprotate_licm_nopreheader.ll" time="0.06"/>
<testcase classname="Polly.DeLICM" name="reduction_looprotate_load.ll" time="0.08"/>
<testcase classname="Polly.DeLICM" name="reduction_looprotate_loopguard_gvnpre.ll" time="0.07"/>
<testcase classname="Polly.DeLICM" name="reduction_looprotate_loopguard_licm1.ll" time="0.09"/>
<testcase classname="Polly.DeLICM" name="reduction_looprotate_loopguard_licm2.ll" time="0.07"/>
<testcase classname="Polly.DeLICM" name="reduction_looprotate_loopguard_licm3.ll" time="0.07"/>
<testcase classname="Polly.DeLICM" name="reduction_looprotate_readonly.ll" time="0.08"/>
<testcase classname="Polly.DeLICM" name="reduction_looprotate_synthesizable.ll" time="0.08"/>
<testcase classname="Polly.DeLICM" name="reduction_looprotate_undef.ll" time="0.08"/>
<testcase classname="Polly.DeLICM" name="reduction_overapproximate.ll" time="0.14"/>
<testcase classname="Polly.DeLICM" name="reduction_preheader.ll" time="0.06"/>
<testcase classname="Polly.DeLICM" name="reduction_unrelatedunusual.ll" time="0.06"/>
<testcase classname="Polly.DeLICM" name="reject_loadafterstore.ll" time="0.03"/>
<testcase classname="Polly.DeLICM" name="reject_outofquota.ll" time="0.07"/>
<testcase classname="Polly.DeLICM" name="reject_storeafterstore.ll" time="0.03"/>
<testcase classname="Polly.DeLICM" name="reject_storeinsubregion.ll" time="0.04"/>
<testcase classname="Polly.DeLICM" name="reject_unusualstore.ll" time="0.07"/>
<testcase classname="Polly.DeLICM" name="skip_maywrite.ll" time="0.03"/>
<testcase classname="Polly.DeLICM" name="skip_multiaccess.ll" time="0.06"/>
<testcase classname="Polly.DeLICM" name="skip_notinloop.ll" time="0.03"/>
<testcase classname="Polly.DeLICM" name="skip_scalaraccess.ll" time="0.04"/>
<testcase classname="Polly.DeadCodeElimination" name="chained_iterations.ll" time="0.06"/>
<testcase classname="Polly.DeadCodeElimination" name="chained_iterations_2.ll" time="0.07"/>
<testcase classname="Polly.DeadCodeElimination" name="computeout.ll" time="0.09"/>
<testcase classname="Polly.DeadCodeElimination" name="dead_iteration_elimination.ll" time="0.05"/>
<testcase classname="Polly.DeadCodeElimination" name="non-affine-affine-mix.ll" time="0.03"/>
<testcase classname="Polly.DeadCodeElimination" name="non-affine.ll" time="0.03"/>
<testcase classname="Polly.DeadCodeElimination" name="null_schedule.ll" time="0.04"/>
<testcase classname="Polly.DependenceInfo" name="computeout.ll" time="0.06"/>
<testcase classname="Polly.DependenceInfo" name="different_schedule_dimensions.ll" time="0.03"/>
<testcase classname="Polly.DependenceInfo" name="do_pluto_matmult.ll" time="0.07"/>
<testcase classname="Polly.DependenceInfo" name="fine_grain_dep_0.ll" time="0.06"/>
<testcase classname="Polly.DependenceInfo" name="generate_may_write_dependence_info.ll" time="0.03"/>
<testcase classname="Polly.DependenceInfo" name="infeasible_context.ll" time="0.06"/>
<testcase classname="Polly.DependenceInfo" name="may_writes_do_not_block_must_writes_for_war.ll" time="0.03"/>
<testcase classname="Polly.DependenceInfo" name="nonaffine-condition-buildMemoryAccess.ll" time="0.04"/>
<testcase classname="Polly.DependenceInfo" name="reduction_complex_location.ll" time="0.11"/>
<testcase classname="Polly.DependenceInfo" name="reduction_dependences_equal_non_reduction_dependences.ll" time="0.04"/>
<testcase classname="Polly.DependenceInfo" name="reduction_dependences_not_null.ll" time="0.03"/>
<testcase classname="Polly.DependenceInfo" name="reduction_indirect_access.ll" time="0.03"/>
<testcase classname="Polly.DependenceInfo" name="reduction_mixed_reduction_and_non_reduction_dependences.ll" time="0.06"/>
<testcase classname="Polly.DependenceInfo" name="reduction_multiple_loops_array_sum.ll" time="0.12"/>
<testcase classname="Polly.DependenceInfo" name="reduction_multiple_loops_array_sum_2.ll" time="0.04"/>
<testcase classname="Polly.DependenceInfo" name="reduction_multiple_loops_array_sum_3.ll" time="0.05"/>
<testcase classname="Polly.DependenceInfo" name="reduction_multiple_reductions.ll" time="0.03"/>
<testcase classname="Polly.DependenceInfo" name="reduction_multiple_reductions_2.ll" time="0.05"/>
<testcase classname="Polly.DependenceInfo" name="reduction_only_reduction_like_access.ll" time="0.03"/>
<testcase classname="Polly.DependenceInfo" name="reduction_partially_escaping_intermediate_in_other_stmt.ll" time="0.06"/>
<testcase classname="Polly.DependenceInfo" name="reduction_privatization_deps.ll" time="0.04"/>
<testcase classname="Polly.DependenceInfo" name="reduction_privatization_deps_2.ll" time="0.05"/>
<testcase classname="Polly.DependenceInfo" name="reduction_privatization_deps_3.ll" time="0.05"/>
<testcase classname="Polly.DependenceInfo" name="reduction_privatization_deps_4.ll" time="0.05"/>
<testcase classname="Polly.DependenceInfo" name="reduction_privatization_deps_5.ll" time="0.04"/>
<testcase classname="Polly.DependenceInfo" name="reduction_sequence.ll" time="0.18"/>
<testcase classname="Polly.DependenceInfo" name="reduction_simple_iv.ll" time="0.04"/>
<testcase classname="Polly.DependenceInfo" name="reduction_simple_iv_debug_wrapped_dependences.ll" time="0.03"/>
<testcase classname="Polly.DependenceInfo" name="reduction_simple_privatization_deps_2.ll" time="0.04"/>
<testcase classname="Polly.DependenceInfo" name="reduction_simple_privatization_deps_w_parameter.ll" time="0.04"/>
<testcase classname="Polly.DependenceInfo" name="reduction_two_reductions_different_rloops.ll" time="0.04"/>
<testcase classname="Polly.DependenceInfo" name="sequential_loops.ll" time="0.15"/>
<testcase classname="Polly.FlattenSchedule" name="gemm.ll" time="0.04"/>
<testcase classname="Polly.ForwardOpTree" name="atax.ll" time="0.06"/>
<testcase classname="Polly.ForwardOpTree" name="changed-kind.ll" time="0.03"/>
<testcase classname="Polly.ForwardOpTree" name="forward_from_region.ll" time="0.04"/>
<testcase classname="Polly.ForwardOpTree" name="forward_hoisted.ll" time="0.03"/>
<testcase classname="Polly.ForwardOpTree" name="forward_instruction.ll" time="0.03"/>
<testcase classname="Polly.ForwardOpTree" name="forward_into_region.ll" time="0.03"/>
<testcase classname="Polly.ForwardOpTree" name="forward_into_region_redundant_use.ll" time="0.03"/>
<testcase classname="Polly.ForwardOpTree" name="forward_load.ll" time="0.04"/>
<testcase classname="Polly.ForwardOpTree" name="forward_load_differentarray.ll" time="0.04"/>
<testcase classname="Polly.ForwardOpTree" name="forward_load_double_write.ll" time="0.04"/>
<testcase classname="Polly.ForwardOpTree" name="forward_load_fromloop.ll" time="0.04"/>
<testcase classname="Polly.ForwardOpTree" name="forward_load_indirect.ll" time="0.03"/>
<testcase classname="Polly.ForwardOpTree" name="forward_load_memset_after.ll" time="0.04"/>
<testcase classname="Polly.ForwardOpTree" name="forward_load_memset_before.ll" time="0.06"/>
<testcase classname="Polly.ForwardOpTree" name="forward_load_tripleuse.ll" time="0.06"/>
<testcase classname="Polly.ForwardOpTree" name="forward_load_unrelatedunusual.ll" time="0.04"/>
<testcase classname="Polly.ForwardOpTree" name="forward_phi_load.ll" time="0.04"/>
<testcase classname="Polly.ForwardOpTree" name="forward_readonly.ll" time="0.06"/>
<testcase classname="Polly.ForwardOpTree" name="forward_reusue.ll" time="0.04"/>
<testcase classname="Polly.ForwardOpTree" name="forward_store.ll" time="0.04"/>
<testcase classname="Polly.ForwardOpTree" name="forward_synthesizable_definloop.ll" time="0.04"/>
<testcase classname="Polly.ForwardOpTree" name="forward_synthesizable_indvar.ll" time="0.04"/>
<testcase classname="Polly.ForwardOpTree" name="forward_synthesizable_useinloop.ll" time="0.04"/>
<testcase classname="Polly.ForwardOpTree" name="forward_transitive.ll" time="0.04"/>
<testcase classname="Polly.ForwardOpTree" name="jacobi-1d.ll" time="0.04"/>
<testcase classname="Polly.ForwardOpTree" name="noforward_from_region.ll" time="0.04"/>
<testcase classname="Polly.ForwardOpTree" name="noforward_load_conditional.ll" time="0.04"/>
<testcase classname="Polly.ForwardOpTree" name="noforward_load_writebetween.ll" time="0.04"/>
<testcase classname="Polly.ForwardOpTree" name="noforward_outofquota.ll" time="0.06"/>
<testcase classname="Polly.ForwardOpTree" name="noforward_partial.ll" time="0.03"/>
<testcase classname="Polly.ForwardOpTree" name="noforward_phi.ll" time="0.03"/>
<testcase classname="Polly.ForwardOpTree" name="noforward_selfrefphi.ll" time="0.04"/>
<testcase classname="Polly.ForwardOpTree" name="noforward_sideffects.ll" time="0.03"/>
<testcase classname="Polly.ForwardOpTree" name="noforward_synthesizable_unknownit.ll" time="0.03"/>
<testcase classname="Polly.ForwardOpTree" name="out-of-quota1.ll" time="0.35"/>
<testcase classname="Polly.IstAstInfo/OpenMP" name="multiple_loops_outer_parallel.ll" time="0.06"/>
<testcase classname="Polly.IstAstInfo/OpenMP" name="nested_loop_both_parallel.ll" time="0.06"/>
<testcase classname="Polly.IstAstInfo/OpenMP" name="nested_loop_both_parallel_parametric.ll" time="0.07"/>
<testcase classname="Polly.IstAstInfo/OpenMP" name="nested_loop_inner_parallel.ll" time="0.07"/>
<testcase classname="Polly.IstAstInfo/OpenMP" name="nested_loop_outer_parallel.ll" time="0.08"/>
<testcase classname="Polly.IstAstInfo/OpenMP" name="single_loop_param_non_parallel.ll" time="0.06"/>
<testcase classname="Polly.IstAstInfo/OpenMP" name="single_loop_param_parallel.ll" time="0.06"/>
<testcase classname="Polly.IstAstInfo/OpenMP" name="single_loop_param_parallel_computeout.ll" time="0.07"/>
<testcase classname="Polly.IstAstInfo" name="alias_checks_with_empty_context.ll" time="0.03"/>
<testcase classname="Polly.IstAstInfo" name="alias_simple_1.ll" time="0.16"/>
<testcase classname="Polly.IstAstInfo" name="alias_simple_2.ll" time="0.19"/>
<testcase classname="Polly.IstAstInfo" name="alias_simple_3.ll" time="0.16"/>
<testcase classname="Polly.IstAstInfo" name="aliasing_arrays_with_identical_base.ll" time="0.03"/>
<testcase classname="Polly.IstAstInfo" name="aliasing_multiple_alias_groups.ll" time="0.06"/>
<testcase classname="Polly.IstAstInfo" name="aliasing_parametric_simple_1.ll" time="0.03"/>
<testcase classname="Polly.IstAstInfo" name="aliasing_parametric_simple_2.ll" time="0.03"/>
<testcase classname="Polly.IstAstInfo" name="dependence_distance_constant.ll" time="0.08"/>
<testcase classname="Polly.IstAstInfo" name="dependence_distance_minimal.ll" time="0.05"/>
<testcase classname="Polly.IstAstInfo" name="dependence_distance_multiple_constant.ll" time="0.07"/>
<testcase classname="Polly.IstAstInfo" name="dependence_distance_parametric.ll" time="0.10"/>
<testcase classname="Polly.IstAstInfo" name="dependence_distance_parametric_expr.ll" time="0.12"/>
<testcase classname="Polly.IstAstInfo" name="dependence_distance_varying.ll" time="0.08"/>
<testcase classname="Polly.IstAstInfo" name="dependence_distance_varying_in_outer_loop.ll" time="0.09"/>
<testcase classname="Polly.IstAstInfo" name="dependence_distance_varying_multiple.ll" time="0.12"/>
<testcase classname="Polly.IstAstInfo" name="domain_bounded_only_with_context.ll" time="0.05"/>
<testcase classname="Polly.IstAstInfo" name="non_affine_access.ll" time="0.03"/>
<testcase classname="Polly.IstAstInfo" name="reduction_clauses_multidimensional_access.ll" time="0.10"/>
<testcase classname="Polly.IstAstInfo" name="reduction_clauses_onedimensional_access.ll" time="0.04"/>
<testcase classname="Polly.IstAstInfo" name="reduction_dependences_equal_non_reduction_dependences.ll" time="0.03"/>
<testcase classname="Polly.IstAstInfo" name="reduction_different_reduction_clauses.ll" time="0.05"/>
<testcase classname="Polly.IstAstInfo" name="reduction_in_one_dimension.ll" time="0.08"/>
<testcase classname="Polly.IstAstInfo" name="reduction_loop_reversal.ll" time="0.07"/>
<testcase classname="Polly.IstAstInfo" name="reduction_modulo_and_loop_reversal_schedule.ll" time="0.11"/>
<testcase classname="Polly.IstAstInfo" name="reduction_modulo_and_loop_reversal_schedule_2.ll" time="0.09"/>
<testcase classname="Polly.IstAstInfo" name="reduction_modulo_schedule.ll" time="0.09"/>
<testcase classname="Polly.IstAstInfo" name="reduction_modulo_schedule_multiple_dimensions.ll" time="0.11"/>
<testcase classname="Polly.IstAstInfo" name="reduction_modulo_schedule_multiple_dimensions_2.ll" time="0.10"/>
<testcase classname="Polly.IstAstInfo" name="reduction_modulo_schedule_multiple_dimensions_3.ll" time="0.12"/>
<testcase classname="Polly.IstAstInfo" name="reduction_modulo_schedule_multiple_dimensions_4.ll" time="0.14"/>
<testcase classname="Polly.IstAstInfo" name="reduction_modulo_schedule_multiple_dimensions_5.ll" time="0.12"/>
<testcase classname="Polly.IstAstInfo" name="reduction_multiple_dimensions.ll" time="0.05"/>
<testcase classname="Polly.IstAstInfo" name="reduction_multiple_dimensions_2.ll" time="0.05"/>
<testcase classname="Polly.IstAstInfo" name="reduction_multiple_dimensions_3.ll" time="0.05"/>
<testcase classname="Polly.IstAstInfo" name="reduction_multiple_dimensions_4.ll" time="0.05"/>
<testcase classname="Polly.IstAstInfo" name="run-time-condition.ll" time="0.03"/>
<testcase classname="Polly.IstAstInfo" name="runtime_context_with_error_blocks.ll" time="0.03"/>
<testcase classname="Polly.IstAstInfo" name="simple-run-time-condition.ll" time="0.07"/>
<testcase classname="Polly.IstAstInfo" name="single_loop_strip_mine.ll" time="0.06"/>
<testcase classname="Polly.IstAstInfo" name="single_loop_uint_max_iterations.ll" time="0.03"/>
<testcase classname="Polly.IstAstInfo" name="single_loop_ull_max_iterations.ll" time="0.03"/>
<testcase classname="Polly.JSONExporter/ImportAccesses" name="ImportAccesses-Bad-relation.ll" time="0.12"/>
<testcase classname="Polly.JSONExporter/ImportAccesses" name="ImportAccesses-No-accesses-key.ll" time="0.06"/>
<testcase classname="Polly.JSONExporter/ImportAccesses" name="ImportAccesses-Not-enough-MemAcc.ll" time="0.05"/>
<testcase classname="Polly.JSONExporter/ImportAccesses" name="ImportAccesses-Not-enough-statements.ll" time="0.05"/>
<testcase classname="Polly.JSONExporter/ImportAccesses" name="ImportAccesses-Relation-mispelled.ll" time="0.05"/>
<testcase classname="Polly.JSONExporter/ImportAccesses" name="ImportAccesses-Statements-mispelled.ll" time="0.06"/>
<testcase classname="Polly.JSONExporter/ImportAccesses" name="ImportAccesses-Undeclared-ScopArrayInfo.ll" time="0.05"/>
<testcase classname="Polly.JSONExporter/ImportAccesses" name="ImportAccesses-Wrong-number-dimensions.ll" time="0.05"/>
<testcase classname="Polly.JSONExporter/ImportArrays" name="ImportArrays-Mispelled-type.ll" time="0.05"/>
<testcase classname="Polly.JSONExporter/ImportArrays" name="ImportArrays-Negative-size.ll" time="0.05"/>
<testcase classname="Polly.JSONExporter/ImportArrays" name="ImportArrays-No-name.ll" time="0.05"/>
<testcase classname="Polly.JSONExporter/ImportArrays" name="ImportArrays-No-sizes-key.ll" time="0.05"/>
<testcase classname="Polly.JSONExporter/ImportArrays" name="ImportArrays-No-type-key.ll" time="0.05"/>
<testcase classname="Polly.JSONExporter/ImportContext" name="ImportContext-Context-mispelled.ll" time="0.05"/>
<testcase classname="Polly.JSONExporter/ImportContext" name="ImportContext-Not-parameter-set.ll" time="0.05"/>
<testcase classname="Polly.JSONExporter/ImportContext" name="ImportContext-Unvalid-Context.ll" time="0.06"/>
<testcase classname="Polly.JSONExporter/ImportContext" name="ImportContext-Wrong-dimension.ll" time="0.05"/>
<testcase classname="Polly.JSONExporter/ImportSchedule" name="ImportSchedule-No-schedule-key.ll" time="0.05"/>
<testcase classname="Polly.JSONExporter/ImportSchedule" name="ImportSchedule-Schedule-not-valid.ll" time="0.07"/>
<testcase classname="Polly.JSONExporter/ImportSchedule" name="ImportSchedule-Statements-mispelled.ll" time="0.05"/>
<testcase classname="Polly.JSONExporter/ImportSchedule" name="ImportSchedule-Wrong-number-statements.ll" time="0.05"/>
<testcase classname="Polly.MaximalStaticExpansion" name="load_after_store_same_statement.ll" time="0.07"/>
<testcase classname="Polly.MaximalStaticExpansion" name="read_from_original.ll" time="0.07"/>
<testcase classname="Polly.MaximalStaticExpansion" name="too_many_writes.ll" time="0.08"/>
<testcase classname="Polly.MaximalStaticExpansion" name="working_deps_between_inners.ll" time="0.04"/>
<testcase classname="Polly.MaximalStaticExpansion" name="working_deps_between_inners_phi.ll" time="0.18"/>
<testcase classname="Polly.MaximalStaticExpansion" name="working_expansion.ll" time="0.04"/>
<testcase classname="Polly.MaximalStaticExpansion" name="working_expansion_multiple_dependences_per_statement.ll" time="0.04"/>
<testcase classname="Polly.MaximalStaticExpansion" name="working_expansion_multiple_instruction_per_statement.ll" time="0.04"/>
<testcase classname="Polly.MaximalStaticExpansion" name="working_phi_expansion.ll" time="0.08"/>
<testcase classname="Polly.MaximalStaticExpansion" name="working_phi_two_scalars.ll" time="0.10"/>
<testcase classname="Polly.MaximalStaticExpansion" name="working_value_expansion.ll" time="0.04"/>
<testcase classname="Polly.PruneUnprofitable" name="prune_only_scalardeps.ll" time="0.04"/>
<testcase classname="Polly.ScheduleOptimizer" name="2012-03-16-Empty-Domain.ll" time="0.03"/>
<testcase classname="Polly.ScheduleOptimizer" name="2013-04-11-Empty-Domain-two.ll" time="0.03"/>
<testcase classname="Polly.ScheduleOptimizer/GreedyFuse" name="fuse-double.ll" time="0.08"/>
<testcase classname="Polly.ScheduleOptimizer/GreedyFuse" name="fuse-except-first.ll" time="0.08"/>
<testcase classname="Polly.ScheduleOptimizer/GreedyFuse" name="fuse-except-third.ll" time="0.08"/>
<testcase classname="Polly.ScheduleOptimizer/GreedyFuse" name="fuse-inner-carried.ll" time="0.08"/>
<testcase classname="Polly.ScheduleOptimizer/GreedyFuse" name="fuse-inner-third.ll" time="0.07"/>
<testcase classname="Polly.ScheduleOptimizer/GreedyFuse" name="fuse-inner.ll" time="0.09"/>
<testcase classname="Polly.ScheduleOptimizer/GreedyFuse" name="fuse-simple.ll" time="0.07"/>
<testcase classname="Polly.ScheduleOptimizer/GreedyFuse" name="nofuse-simple.ll" time="0.09"/>
<testcase classname="Polly.ScheduleOptimizer/GreedyFuse" name="nofuse-with-middle.ll" time="0.07"/>
<testcase classname="Polly.ScheduleOptimizer/ManualOptimization" name="disable_nonforced.ll" time="0.03"/>
<testcase classname="Polly.ScheduleOptimizer/ManualOptimization" name="distribute_heuristic.ll" time="0.07"/>
<testcase classname="Polly.ScheduleOptimizer/ManualOptimization" name="distribute_illegal_looploc.ll" time="0.03"/>
<testcase classname="Polly.ScheduleOptimizer/ManualOptimization" name="distribute_illegal_pragmaloc.ll" time="0.04"/>
<testcase classname="Polly.ScheduleOptimizer/ManualOptimization" name="unroll_disable.ll" time="0.03"/>
<testcase classname="Polly.ScheduleOptimizer/ManualOptimization" name="unroll_double.ll" time="0.03"/>
<testcase classname="Polly.ScheduleOptimizer/ManualOptimization" name="unroll_full.ll" time="0.03"/>
<testcase classname="Polly.ScheduleOptimizer/ManualOptimization" name="unroll_heuristic.ll" time="0.06"/>
<testcase classname="Polly.ScheduleOptimizer/ManualOptimization" name="unroll_partial.ll" time="0.06"/>
<testcase classname="Polly.ScheduleOptimizer/ManualOptimization" name="unroll_partial_followup.ll" time="0.10"/>
<testcase classname="Polly.ScheduleOptimizer" name="SIMDInParallelFor.ll" time="1.04"/>
<testcase classname="Polly.ScheduleOptimizer" name="computeout.ll" time="0.08"/>
<testcase classname="Polly.ScheduleOptimizer" name="ensure-correct-tile-sizes.ll" time="0.27"/>
<testcase classname="Polly.ScheduleOptimizer" name="focaltech_test_detail_threshold-7bc17e.ll" time="0.05"/>
<testcase classname="Polly.ScheduleOptimizer" name="full_partial_tile_separation.ll" time="0.18"/>
<testcase classname="Polly.ScheduleOptimizer" name="line-tiling-2.ll" time="0.04"/>
<testcase classname="Polly.ScheduleOptimizer" name="line-tiling.ll" time="0.04"/>
<testcase classname="Polly.ScheduleOptimizer" name="mat_mul_pattern_data_layout.ll" time="0.13"/>
<testcase classname="Polly.ScheduleOptimizer" name="mat_mul_pattern_data_layout_2.ll" time="1.12"/>
<testcase classname="Polly.ScheduleOptimizer" name="one-dimensional-band.ll" time="0.07"/>
<testcase classname="Polly.ScheduleOptimizer" name="outer_coincidence.ll" time="0.08"/>
<testcase classname="Polly.ScheduleOptimizer" name="pattern-matching-based-opts-after-delicm.ll" time="0.14"/>
<testcase classname="Polly.ScheduleOptimizer" name="pattern-matching-based-opts-after-delicm_2.ll" time="0.20"/>
<testcase classname="Polly.ScheduleOptimizer" name="pattern-matching-based-opts.ll" time="1.05"/>
<testcase classname="Polly.ScheduleOptimizer" name="pattern-matching-based-opts_11.ll" time="0.09"/>
<testcase classname="Polly.ScheduleOptimizer" name="pattern-matching-based-opts_12.ll" time="0.13"/>
<testcase classname="Polly.ScheduleOptimizer" name="pattern-matching-based-opts_13.ll" time="1.09"/>
<testcase classname="Polly.ScheduleOptimizer" name="pattern-matching-based-opts_14.ll" time="1.22"/>
<testcase classname="Polly.ScheduleOptimizer" name="pattern-matching-based-opts_15.ll" time="0.05"/>
<testcase classname="Polly.ScheduleOptimizer" name="pattern-matching-based-opts_16.ll" time="0.06"/>
<testcase classname="Polly.ScheduleOptimizer" name="pattern-matching-based-opts_17.ll" time="0.06"/>
<testcase classname="Polly.ScheduleOptimizer" name="pattern-matching-based-opts_18.ll" time="0.11"/>
<testcase classname="Polly.ScheduleOptimizer" name="pattern-matching-based-opts_19.ll" time="0.09"/>
<testcase classname="Polly.ScheduleOptimizer" name="pattern-matching-based-opts_2.ll" time="0.06"/>
<testcase classname="Polly.ScheduleOptimizer" name="pattern-matching-based-opts_20.ll" time="0.10"/>
<testcase classname="Polly.ScheduleOptimizer" name="pattern-matching-based-opts_21.ll" time="0.07"/>
<testcase classname="Polly.ScheduleOptimizer" name="pattern-matching-based-opts_22.ll" time="0.07"/>
<testcase classname="Polly.ScheduleOptimizer" name="pattern-matching-based-opts_24.ll" time="0.07"/>
<testcase classname="Polly.ScheduleOptimizer" name="pattern-matching-based-opts_25.ll" time="0.06"/>
<testcase classname="Polly.ScheduleOptimizer" name="pattern-matching-based-opts_3.ll" time="1.20"/>
<testcase classname="Polly.ScheduleOptimizer" name="pattern-matching-based-opts_4.ll" time="1.13"/>
<testcase classname="Polly.ScheduleOptimizer" name="pattern-matching-based-opts_5.ll" time="8.15"/>
<testcase classname="Polly.ScheduleOptimizer" name="pattern-matching-based-opts_6.ll" time="1.21"/>
<testcase classname="Polly.ScheduleOptimizer" name="pattern-matching-based-opts_7.ll" time="1.54"/>
<testcase classname="Polly.ScheduleOptimizer" name="pattern-matching-based-opts_8.ll" time="1.09"/>
<testcase classname="Polly.ScheduleOptimizer" name="pattern-matching-based-opts_9.ll" time="0.12"/>
<testcase classname="Polly.ScheduleOptimizer" name="pattern_matching_based_opts_splitmap.ll" time="0.09"/>
<testcase classname="Polly.ScheduleOptimizer" name="prevectorization-without-tiling.ll" time="0.05"/>
<testcase classname="Polly.ScheduleOptimizer" name="prevectorization.ll" time="0.13"/>
<testcase classname="Polly.ScheduleOptimizer" name="rectangular-tiling.ll" time="0.15"/>
<testcase classname="Polly.ScheduleOptimizer" name="schedule_computeout.ll" time="0.15"/>
<testcase classname="Polly.ScheduleOptimizer" name="statistics.ll" time="0.11"/>
<testcase classname="Polly.ScheduleOptimizer" name="tile_after_fusion.ll" time="0.06"/>
<testcase classname="Polly.ScheduleOptimizer" name="vivid-vbi-gen-vivid_vbi_gen_sliced-before-llvmreduced.ll" time="0.05"/>
<testcase classname="Polly.ScopDetect" name="aliasing_parametric_simple_1.ll" time="0.04"/>
<testcase classname="Polly.ScopDetect" name="aliasing_parametric_simple_2.ll" time="0.03"/>
<testcase classname="Polly.ScopDetect" name="aliasing_simple_1.ll" time="0.03"/>
<testcase classname="Polly.ScopDetect" name="aliasing_simple_2.ll" time="0.03"/>
<testcase classname="Polly.ScopDetect" name="base_pointer.ll" time="0.04"/>
<testcase classname="Polly.ScopDetect" name="base_pointer_load_setNewAccessRelation.ll" time="0.04"/>
<testcase classname="Polly.ScopDetect" name="base_pointer_setNewAccessRelation.ll" time="0.04"/>
<testcase classname="Polly.ScopDetect" name="callbr.ll" time="0.07"/>
<testcase classname="Polly.ScopDetect" name="collective_invariant_loads.ll" time="0.04"/>
<testcase classname="Polly.ScopDetect" name="cross_loop_non_single_exit.ll" time="0.04"/>
<testcase classname="Polly.ScopDetect" name="cross_loop_non_single_exit_2.ll" time="0.03"/>
<testcase classname="Polly.ScopDetect" name="dependency_to_phi_node_outside_of_region.ll" time="0.03"/>
<testcase classname="Polly.ScopDetect" name="detect-full-functions.ll" time="0.03"/>
<testcase classname="Polly.ScopDetect" name="dom-tree-crash.ll" time="0.09"/>
<testcase classname="Polly.ScopDetect" name="dot-scops-npm.ll" time="0.05"/>
<testcase classname="Polly.ScopDetect" name="dot-scops.ll" time="0.04"/>
<testcase classname="Polly.ScopDetect" name="error-block-always-executed.ll" time="0.03"/>
<testcase classname="Polly.ScopDetect" name="error-block-referenced-from-scop.ll" time="0.03"/>
<testcase classname="Polly.ScopDetect" name="error-block-unreachable.ll" time="0.04"/>
<testcase classname="Polly.ScopDetect" name="expand-region-correctly-2.ll" time="0.03"/>
<testcase classname="Polly.ScopDetect" name="expand-region-correctly.ll" time="0.05"/>
<testcase classname="Polly.ScopDetect" name="ignore_func_flag_regex.ll" time="0.03"/>
<testcase classname="Polly.ScopDetect" name="index_from_unpredictable_loop.ll" time="0.04"/>
<testcase classname="Polly.ScopDetect" name="index_from_unpredictable_loop2.ll" time="0.04"/>
<testcase classname="Polly.ScopDetect" name="indvars.ll" time="0.03"/>
<testcase classname="Polly.ScopDetect" name="intrinsics_1.ll" time="0.04"/>
<testcase classname="Polly.ScopDetect" name="intrinsics_2.ll" time="0.03"/>
<testcase classname="Polly.ScopDetect" name="intrinsics_3.ll" time="0.03"/>
<testcase classname="Polly.ScopDetect" name="invalid-latch-conditions.ll" time="0.08"/>
<testcase classname="Polly.ScopDetect" name="invalidate_scalar_evolution.ll" time="0.03"/>
<testcase classname="Polly.ScopDetect" name="invariant-load-before-scop.ll" time="0.03"/>
<testcase classname="Polly.ScopDetect" name="keep_going_expansion.ll" time="0.03"/>
<testcase classname="Polly.ScopDetect" name="mod_ref_read_pointer.ll" time="0.05"/>
<testcase classname="Polly.ScopDetect" name="more-than-one-loop.ll" time="0.06"/>
<testcase classname="Polly.ScopDetect" name="multidim-with-undef-size.ll" time="0.03"/>
<testcase classname="Polly.ScopDetect" name="multidim.ll" time="0.03"/>
<testcase classname="Polly.ScopDetect" name="multidim_indirect_access.ll" time="0.03"/>
<testcase classname="Polly.ScopDetect" name="multidim_two_accesses_different_delinearization.ll" time="0.03"/>
<testcase classname="Polly.ScopDetect" name="nested_loop_single_exit.ll" time="0.06"/>
<testcase classname="Polly.ScopDetect" name="non-affine-conditional.ll" time="0.03"/>
<testcase classname="Polly.ScopDetect" name="non-affine-float-compare.ll" time="0.03"/>
<testcase classname="Polly.ScopDetect" name="non-affine-loop-condition-dependent-access.ll" time="0.10"/>
<testcase classname="Polly.ScopDetect" name="non-affine-loop-condition-dependent-access_2.ll" time="0.08"/>
<testcase classname="Polly.ScopDetect" name="non-affine-loop-condition-dependent-access_3.ll" time="0.09"/>
<testcase classname="Polly.ScopDetect" name="non-affine-loop.ll" time="0.14"/>
<testcase classname="Polly.ScopDetect" name="non-beneficial-loops-small-trip-count.ll" time="0.03"/>
<testcase classname="Polly.ScopDetect" name="non-constant-add-rec-start-expr.ll" time="0.03"/>
<testcase classname="Polly.ScopDetect" name="non-simple-memory-accesses.ll" time="0.03"/>
<testcase classname="Polly.ScopDetect" name="non_affine_loop_condition.ll" time="0.06"/>
<testcase classname="Polly.ScopDetect" name="only-one-affine-loop.ll" time="0.03"/>
<testcase classname="Polly.ScopDetect" name="only_func_flag.ll" time="0.03"/>
<testcase classname="Polly.ScopDetect" name="only_func_flag_regex.ll" time="0.03"/>
<testcase classname="Polly.ScopDetect" name="parametric-multiply-in-scev-2.ll" time="0.03"/>
<testcase classname="Polly.ScopDetect" name="parametric-multiply-in-scev.ll" time="0.03"/>
<testcase classname="Polly.ScopDetect" name="phi_with_multi_exiting_edges.ll" time="0.03"/>
<testcase classname="Polly.ScopDetect" name="profitability-large-basic-blocks.ll" time="0.07"/>
<testcase classname="Polly.ScopDetect" name="profitability-two-nested-loops.ll" time="0.03"/>
<testcase classname="Polly.ScopDetect" name="remove_all_children.ll" time="0.03"/>
<testcase classname="Polly.ScopDetect" name="report-scop-location.ll" time="0.03"/>
<testcase classname="Polly.ScopDetect" name="restrict-undef-size-scopdetect.ll" time="0.03"/>
<testcase classname="Polly.ScopDetect" name="run_time_alias_check.ll" time="0.03"/>
<testcase classname="Polly.ScopDetect" name="scev_remove_max.ll" time="0.03"/>
<testcase classname="Polly.ScopDetect" name="sequential_loops.ll" time="0.03"/>
<testcase classname="Polly.ScopDetect" name="simple_loop.ll" time="0.03"/>
<testcase classname="Polly.ScopDetect" name="simple_loop_non_single_entry.ll" time="0.03"/>
<testcase classname="Polly.ScopDetect" name="simple_loop_non_single_exit.ll" time="0.03"/>
<testcase classname="Polly.ScopDetect" name="simple_loop_non_single_exit_2.ll" time="0.03"/>
<testcase classname="Polly.ScopDetect" name="simple_loop_two_phi_nodes.ll" time="0.03"/>
<testcase classname="Polly.ScopDetect" name="simple_loop_with_param.ll" time="0.03"/>
<testcase classname="Polly.ScopDetect" name="simple_loop_with_param_2.ll" time="0.03"/>
<testcase classname="Polly.ScopDetect" name="simple_non_single_entry.ll" time="0.03"/>
<testcase classname="Polly.ScopDetect" name="skip_function_attribute.ll" time="0.03"/>
<testcase classname="Polly.ScopDetect" name="srem_with_parametric_divisor.ll" time="0.03"/>
<testcase classname="Polly.ScopDetect" name="statistics.ll" time="0.03"/>
<testcase classname="Polly.ScopDetect" name="switch-in-loop-patch.ll" time="0.03"/>
<testcase classname="Polly.ScopDetect" name="tlr_is_hoistable_load.ll" time="0.03"/>
<testcase classname="Polly.ScopDetectionDiagnostics" name="ReportAlias-01.ll" time="0.03"/>
<testcase classname="Polly.ScopDetectionDiagnostics" name="ReportEntry.ll" time="0.03"/>
<testcase classname="Polly.ScopDetectionDiagnostics" name="ReportFuncCall-01.ll" time="0.03"/>
<testcase classname="Polly.ScopDetectionDiagnostics" name="ReportIrreducibleRegion.ll" time="0.03"/>
<testcase classname="Polly.ScopDetectionDiagnostics" name="ReportIrreducibleRegionWithoutDebugLoc.ll" time="0.03"/>
<testcase classname="Polly.ScopDetectionDiagnostics" name="ReportLoopBound-01.ll" time="0.08"/>
<testcase classname="Polly.ScopDetectionDiagnostics" name="ReportLoopHasNoExit.ll" time="0.03"/>
<testcase classname="Polly.ScopDetectionDiagnostics" name="ReportMultipleNonAffineAccesses.ll" time="0.17"/>
<testcase classname="Polly.ScopDetectionDiagnostics" name="ReportNonAffineAccess-01.ll" time="0.03"/>
<testcase classname="Polly.ScopDetectionDiagnostics" name="ReportUnprofitable.ll" time="0.10"/>
<testcase classname="Polly.ScopDetectionDiagnostics" name="ReportUnreachableInExit.ll" time="0.03"/>
<testcase classname="Polly.ScopDetectionDiagnostics" name="ReportVariantBasePtr-01.ll" time="0.03"/>
<testcase classname="Polly.ScopDetectionDiagnostics" name="loop_has_multiple_exits.ll" time="0.03"/>
<testcase classname="Polly.ScopDetectionDiagnostics" name="loop_partially_in_scop-2.ll" time="0.03"/>
<testcase classname="Polly.ScopDetectionDiagnostics" name="loop_partially_in_scop.ll" time="0.03"/>
<testcase classname="Polly.ScopInfo" name="20110312-Fail-without-basicaa.ll" time="0.03"/>
<testcase classname="Polly.ScopInfo" name="20111108-Parameter-not-detected.ll" time="0.03"/>
<testcase classname="Polly.ScopInfo" name="2012-03-16-Crash-because-of-unsigned-in-scev.ll" time="0.03"/>
<testcase classname="Polly.ScopInfo" name="2015-10-04-Crash-in-domain-generation.ll" time="0.03"/>
<testcase classname="Polly.ScopInfo" name="Alias-0.ll" time="0.05"/>
<testcase classname="Polly.ScopInfo" name="Alias-1.ll" time="0.05"/>
<testcase classname="Polly.ScopInfo" name="Alias-2.ll" time="0.06"/>
<testcase classname="Polly.ScopInfo" name="Alias-3.ll" time="0.06"/>
<testcase classname="Polly.ScopInfo" name="Alias-4.ll" time="0.06"/>
<testcase classname="Polly.ScopInfo/BoundChecks" name="single-loop.ll" time="0.03"/>
<testcase classname="Polly.ScopInfo/BoundChecks" name="two-loops.ll" time="0.03"/>
<testcase classname="Polly.ScopInfo/NonAffine" name="div_backedge.ll" time="0.03"/>
<testcase classname="Polly.ScopInfo/NonAffine" name="div_domain.ll" time="0.03"/>
<testcase classname="Polly.ScopInfo/NonAffine" name="invariant_loads_dependent_in_non_affine_region.ll" time="0.03"/>
<testcase classname="Polly.ScopInfo/NonAffine" name="modulo_backedge.ll" time="0.03"/>
<testcase classname="Polly.ScopInfo/NonAffine" name="modulo_domain.ll" time="0.03"/>
<testcase classname="Polly.ScopInfo/NonAffine" name="non-affine-loop-condition-dependent-access_1.ll" time="0.05"/>
<testcase classname="Polly.ScopInfo/NonAffine" name="non-affine-loop-condition-dependent-access_2.ll" time="0.09"/>
<testcase classname="Polly.ScopInfo/NonAffine" name="non-affine-loop-condition-dependent-access_3.ll" time="0.09"/>
<testcase classname="Polly.ScopInfo/NonAffine" name="non_affine_access_with_range_2.ll" time="0.03"/>
<testcase classname="Polly.ScopInfo/NonAffine" name="non_affine_but_sdiv.ll" time="0.03"/>
<testcase classname="Polly.ScopInfo/NonAffine" name="non_affine_but_srem.ll" time="0.03"/>
<testcase classname="Polly.ScopInfo/NonAffine" name="non_affine_conditional_nested.ll" time="0.03"/>
<testcase classname="Polly.ScopInfo/NonAffine" name="non_affine_conditional_surrounding_affine_loop.ll" time="0.06"/>
<testcase classname="Polly.ScopInfo/NonAffine" name="non_affine_conditional_surrounding_non_affine_loop.ll" time="0.09"/>
<testcase classname="Polly.ScopInfo/NonAffine" name="non_affine_float_compare.ll" time="0.03"/>
<testcase classname="Polly.ScopInfo/NonAffine" name="non_affine_loop_condition.ll" time="0.08"/>
<testcase classname="Polly.ScopInfo/NonAffine" name="non_affine_loop_used_later.ll" time="0.06"/>
<testcase classname="Polly.ScopInfo/NonAffine" name="non_affine_parametric_loop.ll" time="0.03"/>
<testcase classname="Polly.ScopInfo/NonAffine" name="non_affine_region_guaranteed_non-entry.ll" time="0.03"/>
<testcase classname="Polly.ScopInfo/NonAffine" name="whole-scop-non-affine-subregion-in-loop.ll" time="0.03"/>
<testcase classname="Polly.ScopInfo" name="aliasing_conditional_alias_groups_1.ll" time="0.03"/>
<testcase classname="Polly.ScopInfo" name="aliasing_conditional_alias_groups_2.ll" time="0.03"/>
<testcase classname="Polly.ScopInfo" name="aliasing_dead_access.ll" time="0.03"/>
<testcase classname="Polly.ScopInfo" name="aliasing_many_arrays_to_compare.ll" time="0.06"/>
<testcase classname="Polly.ScopInfo" name="aliasing_many_parameters_not_all_involved.ll" time="0.45"/>
<testcase classname="Polly.ScopInfo" name="aliasing_many_read_only_acesses.ll" time="0.04"/>
<testcase classname="Polly.ScopInfo" name="aliasing_multiple_alias_groups.ll" time="0.06"/>
<testcase classname="Polly.ScopInfo" name="aliasing_with_non_affine_access.ll" time="0.03"/>
<testcase classname="Polly.ScopInfo" name="allow-all-parameters-dereferencable.ll" time="0.15"/>
<testcase classname="Polly.ScopInfo" name="assume_gep_bounds.ll" time="0.07"/>
<testcase classname="Polly.ScopInfo" name="assume_gep_bounds_2.ll" time="0.04"/>
<testcase classname="Polly.ScopInfo" name="assume_gep_bounds_many.ll" time="0.79"/>
<testcase classname="Polly.ScopInfo" name="avoid_new_parameters_from_geps.ll" time="0.03"/>
<testcase classname="Polly.ScopInfo" name="bool-addrec.ll" time="0.04"/>
<testcase classname="Polly.ScopInfo" name="bounded_loop_assumptions.ll" time="0.04"/>
<testcase classname="Polly.ScopInfo" name="branch-references-loop-scev-with-unknown-iterations-2.ll" time="0.06"/>
<testcase classname="Polly.ScopInfo" name="branch-references-loop-scev-with-unknown-iterations-3.ll" time="0.06"/>
<testcase classname="Polly.ScopInfo" name="branch-references-loop-scev-with-unknown-iterations.ll" time="0.06"/>
<testcase classname="Polly.ScopInfo" name="bug_2010_10_22.ll" time="0.03"/>
<testcase classname="Polly.ScopInfo" name="bug_2011_1_5.ll" time="0.03"/>
<testcase classname="Polly.ScopInfo" name="bug_scev_not_fully_eval.ll" time="0.03"/>
<testcase classname="Polly.ScopInfo" name="cfg_consequences.ll" time="0.06"/>
<testcase classname="Polly.ScopInfo" name="complex-branch-structure.ll" time="0.03"/>
<testcase classname="Polly.ScopInfo" name="complex-condition.ll" time="0.03"/>
<testcase classname="Polly.ScopInfo" name="complex-expression.ll" time="0.12"/>
<testcase classname="Polly.ScopInfo" name="complex-loop-nesting.ll" time="0.03"/>
<testcase classname="Polly.ScopInfo" name="complex-successor-structure-2.ll" time="0.05"/>
<testcase classname="Polly.ScopInfo" name="complex-successor-structure-3.ll" time="0.10"/>
<testcase classname="Polly.ScopInfo" name="complex-successor-structure.ll" time="0.30"/>
<testcase classname="Polly.ScopInfo" name="complex_domain_binary_condition.ll" time="0.12"/>
<testcase classname="Polly.ScopInfo" name="complex_execution_context.ll" time="0.03"/>
<testcase classname="Polly.ScopInfo" name="cond_constant_in_loop.ll" time="0.03"/>
<testcase classname="Polly.ScopInfo" name="cond_in_loop.ll" time="0.04"/>
<testcase classname="Polly.ScopInfo" name="condition-after-error-block-2.ll" time="0.03"/>
<testcase classname="Polly.ScopInfo" name="condition-after-error-block-before-scop.ll" time="0.03"/>
<testcase classname="Polly.ScopInfo" name="condtion-after-error-block.ll" time="0.03"/>
<testcase classname="Polly.ScopInfo" name="const_srem_sdiv.ll" time="0.04"/>
<testcase classname="Polly.ScopInfo" name="constant-non-integer-branch-condition.ll" time="0.03"/>
<testcase classname="Polly.ScopInfo" name="constant_factor_in_parameter.ll" time="0.07"/>
<testcase classname="Polly.ScopInfo" name="constant_functions_outside_scop_as_unknown.ll" time="0.04"/>
<testcase classname="Polly.ScopInfo" name="constant_start_integer.ll" time="0.03"/>
<testcase classname="Polly.ScopInfo" name="debug_call.ll" time="0.03"/>
<testcase classname="Polly.ScopInfo" name="delinearize-together-all-data-refs.ll" time="0.04"/>
<testcase classname="Polly.ScopInfo" name="div_by_zero.ll" time="0.03"/>
<testcase classname="Polly.ScopInfo" name="do-not-model-error-block-accesses.ll" time="0.03"/>
<testcase classname="Polly.ScopInfo" name="eager-binary-and-or-conditions.ll" time="0.08"/>
<testcase classname="Polly.ScopInfo" name="early_exit_for_complex_domains.ll" time="0.03"/>
<testcase classname="Polly.ScopInfo" name="error-blocks-1.ll" time="0.03"/>
<testcase classname="Polly.ScopInfo" name="error-blocks-2.ll" time="0.03"/>
<testcase classname="Polly.ScopInfo" name="error-blocks-3.ll" time="0.03"/>
<testcase classname="Polly.ScopInfo" name="escaping_empty_scop.ll" time="0.03"/>
<testcase classname="Polly.ScopInfo" name="exit-phi-1.ll" time="0.06"/>
<testcase classname="Polly.ScopInfo" name="exit-phi-2.ll" time="0.03"/>
<testcase classname="Polly.ScopInfo" name="exit_phi_accesses-2.ll" time="0.03"/>
<testcase classname="Polly.ScopInfo" name="exit_phi_accesses.ll" time="0.03"/>
<testcase classname="Polly.ScopInfo" name="expensive-boundary-context.ll" time="0.03"/>
<testcase classname="Polly.ScopInfo" name="extract_constant_factor_introduces_new_parameter.ll" time="0.06"/>
<testcase classname="Polly.ScopInfo" name="full-function.ll" time="0.06"/>
<testcase classname="Polly.ScopInfo" name="granularity_same_name.ll" time="0.12"/>
<testcase classname="Polly.ScopInfo" name="granularity_scalar-indep.ll" time="0.03"/>
<testcase classname="Polly.ScopInfo" name="granularity_scalar-indep_cross-referencing-phi1.ll" time="0.03"/>
<testcase classname="Polly.ScopInfo" name="granularity_scalar-indep_cross-referencing-phi2.ll" time="0.03"/>
<testcase classname="Polly.ScopInfo" name="granularity_scalar-indep_epilogue.ll" time="0.04"/>
<testcase classname="Polly.ScopInfo" name="granularity_scalar-indep_epilogue_last.ll" time="0.03"/>
<testcase classname="Polly.ScopInfo" name="granularity_scalar-indep_noepilogue.ll" time="0.03"/>
<testcase classname="Polly.ScopInfo" name="granularity_scalar-indep_ordered-2.ll" time="0.03"/>
<testcase classname="Polly.ScopInfo" name="granularity_scalar-indep_ordered.ll" time="0.03"/>
<testcase classname="Polly.ScopInfo" name="i1_params.ll" time="0.04"/>
<testcase classname="Polly.ScopInfo" name="infeasible-rtc.ll" time="0.05"/>
<testcase classname="Polly.ScopInfo" name="infeasible_invalid_context.ll" time="0.06"/>
<testcase classname="Polly.ScopInfo" name="int2ptr_ptr2int.ll" time="0.08"/>
<testcase classname="Polly.ScopInfo" name="int2ptr_ptr2int_2.ll" time="0.08"/>
<testcase classname="Polly.ScopInfo" name="integers.ll" time="0.05"/>
<testcase classname="Polly.ScopInfo" name="inter-error-bb-dependence.ll" time="0.04"/>
<testcase classname="Polly.ScopInfo" name="inter_bb_scalar_dep.ll" time="0.03"/>
<testcase classname="Polly.ScopInfo" name="intra-non-affine-stmt-phi-node.ll" time="0.03"/>
<testcase classname="Polly.ScopInfo" name="intra_and_inter_bb_scalar_dep.ll" time="0.03"/>
<testcase classname="Polly.ScopInfo" name="intra_bb_scalar_dep.ll" time="0.03"/>
<testcase classname="Polly.ScopInfo" name="intrinsics.ll" time="0.03"/>
<testcase classname="Polly.ScopInfo" name="invalid_add_rec_after_invariant_load_remapping.ll" time="0.03"/>
<testcase classname="Polly.ScopInfo" name="invalidate_iterator_during_MA_removal.ll" time="0.03"/>
<testcase classname="Polly.ScopInfo" name="invariant-load-instlist.ll" time="0.03"/>
<testcase classname="Polly.ScopInfo" name="invariant-loads-leave-read-only-statements.ll" time="0.15"/>
<testcase classname="Polly.ScopInfo" name="invariant_load.ll" time="0.03"/>
<testcase classname="Polly.ScopInfo" name="invariant_load_access_classes_different_base_type.ll" time="0.06"/>
<testcase classname="Polly.ScopInfo" name="invariant_load_access_classes_different_base_type_escaping.ll" time="0.06"/>
<testcase classname="Polly.ScopInfo" name="invariant_load_access_classes_different_base_type_same_pointer.ll" time="0.06"/>
<testcase classname="Polly.ScopInfo" name="invariant_load_access_classes_different_base_type_same_pointer_escaping.ll" time="0.06"/>
<testcase classname="Polly.ScopInfo" name="invariant_load_addrec_sum.ll" time="0.04"/>
<testcase classname="Polly.ScopInfo" name="invariant_load_base_pointer.ll" time="0.03"/>
<testcase classname="Polly.ScopInfo" name="invariant_load_base_pointer_conditional.ll" time="0.03"/>
<testcase classname="Polly.ScopInfo" name="invariant_load_base_pointer_in_conditional.ll" time="0.03"/>
<testcase classname="Polly.ScopInfo" name="invariant_load_branch_condition.ll" time="0.03"/>
<testcase classname="Polly.ScopInfo" name="invariant_load_canonicalize_array_baseptrs.ll" time="0.03"/>
<testcase classname="Polly.ScopInfo" name="invariant_load_canonicalize_array_baseptrs_2.ll" time="0.03"/>
<testcase classname="Polly.ScopInfo" name="invariant_load_canonicalize_array_baseptrs_3.ll" time="0.03"/>
<testcase classname="Polly.ScopInfo" name="invariant_load_canonicalize_array_baseptrs_4.ll" time="0.03"/>
<testcase classname="Polly.ScopInfo" name="invariant_load_canonicalize_array_baseptrs_4b.ll" time="0.03"/>
<testcase classname="Polly.ScopInfo" name="invariant_load_canonicalize_array_baseptrs_4c.ll" time="0.03"/>
<testcase classname="Polly.ScopInfo" name="invariant_load_canonicalize_array_baseptrs_5.ll" time="0.04"/>
<testcase classname="Polly.ScopInfo" name="invariant_load_complex_condition.ll" time="0.04"/>
<testcase classname="Polly.ScopInfo" name="invariant_load_condition.ll" time="0.03"/>
<testcase classname="Polly.ScopInfo" name="invariant_load_dereferenceable.ll" time="0.03"/>
<testcase classname="Polly.ScopInfo" name="invariant_load_distinct_parameter_valuations.ll" time="0.04"/>
<testcase classname="Polly.ScopInfo" name="invariant_load_in_non_affine.ll" time="0.03"/>
<testcase classname="Polly.ScopInfo" name="invariant_load_loop_ub.ll" time="0.06"/>
<testcase classname="Polly.ScopInfo" name="invariant_load_ptr_ptr_noalias.ll" time="0.03"/>
<testcase classname="Polly.ScopInfo" name="invariant_load_scalar_dep.ll" time="0.03"/>
<testcase classname="Polly.ScopInfo" name="invariant_load_stmt_domain.ll" time="0.03"/>
<testcase classname="Polly.ScopInfo" name="invariant_load_zext_parameter-2.ll" time="0.18"/>
<testcase classname="Polly.ScopInfo" name="invariant_load_zext_parameter.ll" time="0.07"/>
<testcase classname="Polly.ScopInfo" name="invariant_load_zextended_in_own_execution_context.ll" time="0.07"/>
<testcase classname="Polly.ScopInfo" name="invariant_loads_complicated_dependences.ll" time="0.04"/>
<testcase classname="Polly.ScopInfo" name="invariant_loads_cyclic_dependences.ll" time="0.03"/>
<testcase classname="Polly.ScopInfo" name="invariant_loop_bounds.ll" time="0.05"/>
<testcase classname="Polly.ScopInfo" name="invariant_same_loop_bound_multiple_times-1.ll" time="0.04"/>
<testcase classname="Polly.ScopInfo" name="invariant_same_loop_bound_multiple_times-2.ll" time="0.04"/>
<testcase classname="Polly.ScopInfo" name="isl_aff_out_of_bounds.ll" time="0.03"/>
<testcase classname="Polly.ScopInfo" name="isl_trip_count_01.ll" time="0.03"/>
<testcase classname="Polly.ScopInfo" name="isl_trip_count_02.ll" time="0.05"/>
<testcase classname="Polly.ScopInfo" name="isl_trip_count_03.ll" time="0.03"/>
<testcase classname="Polly.ScopInfo" name="isl_trip_count_multiple_exiting_blocks.ll" time="0.03"/>
<testcase classname="Polly.ScopInfo" name="licm_load.ll" time="0.07"/>
<testcase classname="Polly.ScopInfo" name="licm_potential_store.ll" time="0.09"/>
<testcase classname="Polly.ScopInfo" name="licm_reduction_nested.ll" time="0.07"/>
<testcase classname="Polly.ScopInfo" name="long-compile-time-alias-analysis.ll" time="0.08"/>
<testcase classname="Polly.ScopInfo" name="long-sequence-of-error-blocks-2.ll" time="0.03"/>
<testcase classname="Polly.ScopInfo" name="long-sequence-of-error-blocks.ll" time="0.05"/>
<testcase classname="Polly.ScopInfo" name="loop-multiexit-succ-cond.ll" time="0.03"/>
<testcase classname="Polly.ScopInfo" name="loop_affine_bound_0.ll" time="0.09"/>
<testcase classname="Polly.ScopInfo" name="loop_affine_bound_1.ll" time="0.10"/>
<testcase classname="Polly.ScopInfo" name="loop_affine_bound_2.ll" time="0.15"/>
<testcase classname="Polly.ScopInfo" name="loop_carry.ll" time="0.03"/>
<testcase classname="Polly.ScopInfo" name="many-scalar-dependences.ll" time="0.06"/>
<testcase classname="Polly.ScopInfo" name="max-loop-depth.ll" time="0.04"/>
<testcase classname="Polly.ScopInfo" name="memcpy-raw-source.ll" time="0.04"/>
<testcase classname="Polly.ScopInfo" name="memcpy.ll" time="0.07"/>
<testcase classname="Polly.ScopInfo" name="memmove.ll" time="0.06"/>
<testcase classname="Polly.ScopInfo" name="memset.ll" time="0.06"/>
<testcase classname="Polly.ScopInfo" name="memset_null.ll" time="0.06"/>
<testcase classname="Polly.ScopInfo" name="mismatching-array-dimensions.ll" time="0.04"/>
<testcase classname="Polly.ScopInfo" name="mod_ref_access_pointee_arguments.ll" time="0.06"/>
<testcase classname="Polly.ScopInfo" name="mod_ref_read_pointee_arguments.ll" time="0.06"/>
<testcase classname="Polly.ScopInfo" name="mod_ref_read_pointer.ll" time="0.06"/>
<testcase classname="Polly.ScopInfo" name="mod_ref_read_pointers.ll" time="0.06"/>
<testcase classname="Polly.ScopInfo" name="modulo_zext_1.ll" time="0.04"/>
<testcase classname="Polly.ScopInfo" name="modulo_zext_2.ll" time="0.03"/>
<testcase classname="Polly.ScopInfo" name="modulo_zext_3.ll" time="0.03"/>
<testcase classname="Polly.ScopInfo" name="multi-scop.ll" time="0.03"/>
<testcase classname="Polly.ScopInfo" name="multidim_2d-diagonal-matrix.ll" time="0.06"/>
<testcase classname="Polly.ScopInfo" name="multidim_2d_outer_parametric_offset.ll" time="0.04"/>
<testcase classname="Polly.ScopInfo" name="multidim_2d_parametric_array_static_loop_bounds.ll" time="0.03"/>
<testcase classname="Polly.ScopInfo" name="multidim_2d_with_modref_call.ll" time="0.07"/>
<testcase classname="Polly.ScopInfo" name="multidim_2d_with_modref_call_2.ll" time="0.07"/>
<testcase classname="Polly.ScopInfo" name="multidim_3d_parametric_array_static_loop_bounds.ll" time="0.03"/>
<testcase classname="Polly.ScopInfo" name="multidim_fixedsize_different_dimensionality.ll" time="0.04"/>
<testcase classname="Polly.ScopInfo" name="multidim_fixedsize_multi_offset.ll" time="0.04"/>
<testcase classname="Polly.ScopInfo" name="multidim_fold_constant_dim.ll" time="0.04"/>
<testcase classname="Polly.ScopInfo" name="multidim_fold_constant_dim_zero.ll" time="0.03"/>
<testcase classname="Polly.ScopInfo" name="multidim_fortran_2d.ll" time="0.04"/>
<testcase classname="Polly.ScopInfo" name="multidim_fortran_2d_params.ll" time="0.05"/>
<testcase classname="Polly.ScopInfo" name="multidim_fortran_2d_with_modref_call.ll" time="0.08"/>
<testcase classname="Polly.ScopInfo" name="multidim_fortran_srem.ll" time="0.08"/>
<testcase classname="Polly.ScopInfo" name="multidim_gep_pointercast.ll" time="0.04"/>
<testcase classname="Polly.ScopInfo" name="multidim_gep_pointercast2.ll" time="0.04"/>
<testcase classname="Polly.ScopInfo" name="multidim_invalid_dimension.ll" time="0.04"/>
<testcase classname="Polly.ScopInfo" name="multidim_ivs_and_integer_offsets_3d.ll" time="0.04"/>
<testcase classname="Polly.ScopInfo" name="multidim_ivs_and_parameteric_offsets_3d.ll" time="0.05"/>
<testcase classname="Polly.ScopInfo" name="multidim_many_references.ll" time="0.91"/>
<testcase classname="Polly.ScopInfo" name="multidim_nested_start_integer.ll" time="0.07"/>
<testcase classname="Polly.ScopInfo" name="multidim_nested_start_share_parameter.ll" time="0.05"/>
<testcase classname="Polly.ScopInfo" name="multidim_only_ivs_2d.ll" time="0.04"/>
<testcase classname="Polly.ScopInfo" name="multidim_only_ivs_3d.ll" time="0.04"/>
<testcase classname="Polly.ScopInfo" name="multidim_only_ivs_3d_cast.ll" time="0.04"/>
<testcase classname="Polly.ScopInfo" name="multidim_only_ivs_3d_reverse.ll" time="0.04"/>
<testcase classname="Polly.ScopInfo" name="multidim_param_in_subscript-2.ll" time="0.04"/>
<testcase classname="Polly.ScopInfo" name="multidim_param_in_subscript.ll" time="0.03"/>
<testcase classname="Polly.ScopInfo" name="multidim_parameter_addrec_product.ll" time="0.04"/>
<testcase classname="Polly.ScopInfo" name="multidim_single_and_multidim_array.ll" time="0.21"/>
<testcase classname="Polly.ScopInfo" name="multidim_srem.ll" time="0.04"/>
<testcase classname="Polly.ScopInfo" name="multidim_with_bitcast.ll" time="0.03"/>
<testcase classname="Polly.ScopInfo" name="multiple-binary-or-conditions.ll" time="0.08"/>
<testcase classname="Polly.ScopInfo" name="multiple-types-access-offset-not-dividable-by-element-size.ll" time="0.03"/>
<testcase classname="Polly.ScopInfo" name="multiple-types-non-affine-2.ll" time="0.05"/>
<testcase classname="Polly.ScopInfo" name="multiple-types-non-affine.ll" time="0.06"/>
<testcase classname="Polly.ScopInfo" name="multiple-types-non-power-of-two-2.ll" time="0.03"/>
<testcase classname="Polly.ScopInfo" name="multiple-types-non-power-of-two.ll" time="0.04"/>
<testcase classname="Polly.ScopInfo" name="multiple-types-two-dimensional-2.ll" time="0.03"/>
<testcase classname="Polly.ScopInfo" name="multiple-types-two-dimensional.ll" time="0.03"/>
<testcase classname="Polly.ScopInfo" name="multiple-types.ll" time="0.03"/>
<testcase classname="Polly.ScopInfo" name="multiple_exiting_blocks.ll" time="0.03"/>
<testcase classname="Polly.ScopInfo" name="multiple_exiting_blocks_two_loop.ll" time="0.03"/>
<testcase classname="Polly.ScopInfo" name="multiple_latch_blocks.ll" time="0.03"/>
<testcase classname="Polly.ScopInfo" name="nested-loops.ll" time="0.03"/>
<testcase classname="Polly.ScopInfo" name="no-scalar-deps-in-non-affine-subregion.ll" time="0.03"/>
<testcase classname="Polly.ScopInfo" name="non-affine-region-phi.ll" time="0.06"/>
<testcase classname="Polly.ScopInfo" name="non-affine-region-with-loop-2.ll" time="0.04"/>
<testcase classname="Polly.ScopInfo" name="non-affine-region-with-loop.ll" time="0.05"/>
<testcase classname="Polly.ScopInfo" name="non-precise-inv-load-1.ll" time="0.04"/>
<testcase classname="Polly.ScopInfo" name="non-precise-inv-load-2.ll" time="0.03"/>
<testcase classname="Polly.ScopInfo" name="non-precise-inv-load-3.ll" time="0.03"/>
<testcase classname="Polly.ScopInfo" name="non-precise-inv-load-4.ll" time="0.03"/>
<testcase classname="Polly.ScopInfo" name="non-precise-inv-load-5.ll" time="0.06"/>
<testcase classname="Polly.ScopInfo" name="non-precise-inv-load-6.ll" time="0.04"/>
<testcase classname="Polly.ScopInfo" name="non-pure-function-call.ll" time="0.03"/>
<testcase classname="Polly.ScopInfo" name="non-pure-function-calls-causes-dead-blocks.ll" time="0.04"/>
<testcase classname="Polly.ScopInfo" name="non-pure-function-calls.ll" time="0.03"/>
<testcase classname="Polly.ScopInfo" name="non_affine_access.ll" time="0.06"/>
<testcase classname="Polly.ScopInfo" name="non_affine_region_1.ll" time="0.04"/>
<testcase classname="Polly.ScopInfo" name="non_affine_region_2.ll" time="0.04"/>
<testcase classname="Polly.ScopInfo" name="non_affine_region_3.ll" time="0.06"/>
<testcase classname="Polly.ScopInfo" name="non_affine_region_4.ll" time="0.03"/>
[...]
<testcase classname="Polly.ScopInfo" name="phi_after_error_block.ll" time="0.03"/>
<testcase classname="Polly.ScopInfo" name="phi_condition_modeling_1.ll" time="0.03"/>
<testcase classname="Polly.ScopInfo" name="phi_condition_modeling_2.ll" time="0.04"/>
<testcase classname="Polly.ScopInfo" name="phi_conditional_simple_1.ll" time="0.03"/>
<testcase classname="Polly.ScopInfo" name="phi_loop_carried_float.ll" time="0.03"/>
<testcase classname="Polly.ScopInfo" name="phi_not_grouped_at_top.ll" time="0.03"/>
<testcase classname="Polly.ScopInfo" name="phi_scalar_simple_1.ll" time="0.05"/>
<testcase classname="Polly.ScopInfo" name="phi_scalar_simple_2.ll" time="0.05"/>
<testcase classname="Polly.ScopInfo" name="phi_with_invoke_edge.ll" time="0.03"/>
<testcase classname="Polly.ScopInfo" name="pointer-comparison-no-nsw.ll" time="0.04"/>
<testcase classname="Polly.ScopInfo" name="pointer-comparison.ll" time="0.04"/>
<testcase classname="Polly.ScopInfo" name="pointer-type-expressions.ll" time="0.03"/>
<testcase classname="Polly.ScopInfo" name="pointer-used-as-base-pointer-and-scalar-read.ll" time="0.04"/>
<testcase classname="Polly.ScopInfo" name="polly-timeout-parameter-bounds.ll" time="0.12"/>
<testcase classname="Polly.ScopInfo" name="pr38218.ll" time="0.03"/>
<testcase classname="Polly.ScopInfo" name="preserve-equiv-class-order-in-basic_block.ll" time="0.04"/>
<testcase classname="Polly.ScopInfo" name="process_added_dimensions.ll" time="0.03"/>
<testcase classname="Polly.ScopInfo" name="pwaff-complexity-bailout.ll" time="0.14"/>
<testcase classname="Polly.ScopInfo" name="ranged_parameter.ll" time="0.03"/>
<testcase classname="Polly.ScopInfo" name="ranged_parameter_2.ll" time="0.03"/>
<testcase classname="Polly.ScopInfo" name="ranged_parameter_wrap.ll" time="0.03"/>
<testcase classname="Polly.ScopInfo" name="ranged_parameter_wrap_2.ll" time="0.34"/>
<testcase classname="Polly.ScopInfo" name="read-only-scalar-used-in-phi-2.ll" time="0.03"/>
<testcase classname="Polly.ScopInfo" name="read-only-scalar-used-in-phi.ll" time="0.03"/>
<testcase classname="Polly.ScopInfo" name="read-only-scalars.ll" time="0.06"/>
<testcase classname="Polly.ScopInfo" name="read-only-statements.ll" time="0.03"/>
<testcase classname="Polly.ScopInfo" name="reduction_alternating_base.ll" time="0.03"/>
<testcase classname="Polly.ScopInfo" name="reduction_chain_partially_outside_the_scop.ll" time="0.03"/>
<testcase classname="Polly.ScopInfo" name="reduction_different_index.ll" time="0.03"/>
<testcase classname="Polly.ScopInfo" name="reduction_different_index1.ll" time="0.03"/>
<testcase classname="Polly.ScopInfo" name="reduction_disabled_multiplicative.ll" time="0.03"/>
<testcase classname="Polly.ScopInfo" name="reduction_double.ll" time="0.03"/>
<testcase classname="Polly.ScopInfo" name="reduction_escaping_intermediate.ll" time="0.04"/>
<testcase classname="Polly.ScopInfo" name="reduction_escaping_intermediate_2.ll" time="0.04"/>
<testcase classname="Polly.ScopInfo" name="reduction_escaping_intermediate_3.ll" time="0.03"/>
<testcase classname="Polly.ScopInfo" name="reduction_if.ll" time="0.03"/>
<testcase classname="Polly.ScopInfo" name="reduction_indirect_access.ll" time="0.03"/>
<testcase classname="Polly.ScopInfo" name="reduction_indirect_access_2.ll" time="0.03"/>
<testcase classname="Polly.ScopInfo" name="reduction_invalid_different_operators.ll" time="0.03"/>
<testcase classname="Polly.ScopInfo" name="reduction_invalid_overlapping_accesses.ll" time="0.03"/>
<testcase classname="Polly.ScopInfo" name="reduction_long_reduction_chain.ll" time="0.03"/>
<testcase classname="Polly.ScopInfo" name="reduction_long_reduction_chain_double_use.ll" time="0.03"/>
<testcase classname="Polly.ScopInfo" name="reduction_multiple_different_operators.ll" time="0.06"/>
<testcase classname="Polly.ScopInfo" name="reduction_multiple_loops_array_sum.ll" time="0.04"/>
<testcase classname="Polly.ScopInfo" name="reduction_multiple_loops_array_sum_1.ll" time="0.03"/>
<testcase classname="Polly.ScopInfo" name="reduction_multiple_simple_binary.ll" time="0.03"/>
<testcase classname="Polly.ScopInfo" name="reduction_non_overlapping_chains.ll" time="0.03"/>
<testcase classname="Polly.ScopInfo" name="reduction_only_reduction_like_access.ll" time="0.03"/>
<testcase classname="Polly.ScopInfo" name="reduction_simple_fp.ll" time="0.03"/>
<testcase classname="Polly.ScopInfo" name="reduction_simple_w_constant.ll" time="0.03"/>
<testcase classname="Polly.ScopInfo" name="reduction_simple_w_iv.ll" time="0.03"/>
<testcase classname="Polly.ScopInfo" name="reduction_two_identical_reads.ll" time="0.06"/>
<testcase classname="Polly.ScopInfo" name="redundant_parameter_constraint.ll" time="0.03"/>
<testcase classname="Polly.ScopInfo" name="region-with-instructions.ll" time="0.03"/>
<testcase classname="Polly.ScopInfo" name="remarks.ll" time="0.05"/>
<testcase classname="Polly.ScopInfo" name="required-invariant-loop-bounds.ll" time="0.04"/>
<testcase classname="Polly.ScopInfo" name="restriction_in_dead_block.ll" time="0.03"/>
<testcase classname="Polly.ScopInfo" name="run-time-check-many-array-disjuncts.ll" time="0.09"/>
<testcase classname="Polly.ScopInfo" name="run-time-check-many-parameters.ll" time="0.10"/>
<testcase classname="Polly.ScopInfo" name="run-time-check-many-piecewise-aliasing.ll" time="0.07"/>
<testcase classname="Polly.ScopInfo" name="run-time-check-read-only-arrays.ll" time="0.03"/>
<testcase classname="Polly.ScopInfo" name="same-base-address-scalar-and-array.ll" time="0.03"/>
<testcase classname="Polly.ScopInfo" name="scalar.ll" time="0.03"/>
<testcase classname="Polly.ScopInfo" name="scalar_dependence_cond_br.ll" time="0.03"/>
<testcase classname="Polly.ScopInfo" name="scalar_to_array.ll" time="0.06"/>
<testcase classname="Polly.ScopInfo" name="scev-div-with-evaluatable-divisor.ll" time="0.03"/>
<testcase classname="Polly.ScopInfo" name="scev-invalidated.ll" time="0.03"/>
<testcase classname="Polly.ScopInfo" name="schedule-const-post-dominator-walk-2.ll" time="0.03"/>
<testcase classname="Polly.ScopInfo" name="schedule-const-post-dominator-walk.ll" time="0.03"/>
<testcase classname="Polly.ScopInfo" name="schedule-constuction-endless-loop1.ll" time="0.03"/>
<testcase classname="Polly.ScopInfo" name="schedule-constuction-endless-loop2.ll" time="0.03"/>
<testcase classname="Polly.ScopInfo" name="schedule-incorrectly-contructed-in-case-of-infinite-loop.ll" time="0.03"/>
<testcase classname="Polly.ScopInfo" name="scop-affine-parameter-ordering.ll" time="0.03"/>
<testcase classname="Polly.ScopInfo" name="sign_wrapped_set.ll" time="0.03"/>
<testcase classname="Polly.ScopInfo" name="simple_loop_1.ll" time="0.03"/>
<testcase classname="Polly.ScopInfo" name="simple_loop_2.ll" time="0.03"/>
<testcase classname="Polly.ScopInfo" name="simple_loop_unsigned.ll" time="0.03"/>
<testcase classname="Polly.ScopInfo" name="simple_loop_unsigned_2.ll" time="0.03"/>
<testcase classname="Polly.ScopInfo" name="simple_loop_unsigned_3.ll" time="0.03"/>
<testcase classname="Polly.ScopInfo" name="simple_nonaffine_loop_not.ll" time="0.03"/>
<testcase classname="Polly.ScopInfo" name="smax.ll" time="0.02"/>
<testcase classname="Polly.ScopInfo" name="statistics.ll" time="0.05"/>
<testcase classname="Polly.ScopInfo" name="stmt_split_exit_of_region_stmt.ll" time="0.03"/>
<testcase classname="Polly.ScopInfo" name="stmt_split_no_after_split.ll" time="0.03"/>
<testcase classname="Polly.ScopInfo" name="stmt_split_no_dependence.ll" time="0.03"/>
<testcase classname="Polly.ScopInfo" name="stmt_split_on_store.ll" time="0.03"/>
<testcase classname="Polly.ScopInfo" name="stmt_split_on_synthesizable.ll" time="0.03"/>
<testcase classname="Polly.ScopInfo" name="stmt_split_phi_in_beginning_bb.ll" time="0.03"/>
<testcase classname="Polly.ScopInfo" name="stmt_split_phi_in_stmt.ll" time="0.03"/>
<testcase classname="Polly.ScopInfo" name="stmt_split_scalar_dependence.ll" time="0.03"/>
<testcase classname="Polly.ScopInfo" name="stmt_split_within_loop.ll" time="0.03"/>
<testcase classname="Polly.ScopInfo" name="stmt_with_read_but_without_sideffect.ll" time="0.05"/>
<testcase classname="Polly.ScopInfo" name="switch-1.ll" time="0.08"/>
<testcase classname="Polly.ScopInfo" name="switch-2.ll" time="0.07"/>
<testcase classname="Polly.ScopInfo" name="switch-3.ll" time="0.10"/>
<testcase classname="Polly.ScopInfo" name="switch-4.ll" time="0.08"/>
<testcase classname="Polly.ScopInfo" name="switch-5.ll" time="0.03"/>
<testcase classname="Polly.ScopInfo" name="switch-6.ll" time="0.07"/>
<testcase classname="Polly.ScopInfo" name="switch-7.ll" time="0.07"/>
<testcase classname="Polly.ScopInfo" name="tempscop-printing.ll" time="0.03"/>
<testcase classname="Polly.ScopInfo" name="test-wrapping-in-condition.ll" time="0.06"/>
<testcase classname="Polly.ScopInfo" name="truncate-1.ll" time="0.03"/>
<testcase classname="Polly.ScopInfo" name="truncate-2.ll" time="0.03"/>
<testcase classname="Polly.ScopInfo" name="truncate-3.ll" time="0.03"/>
<testcase classname="Polly.ScopInfo" name="two-loops-one-infinite.ll" time="0.03"/>
<testcase classname="Polly.ScopInfo" name="two-loops-right-after-each-other.ll" time="0.03"/>
<testcase classname="Polly.ScopInfo" name="undef_in_cond.ll" time="0.03"/>
<testcase classname="Polly.ScopInfo" name="unnamed_nonaffine.ll" time="0.06"/>
<testcase classname="Polly.ScopInfo" name="unnamed_stmts.ll" time="0.04"/>
<testcase classname="Polly.ScopInfo" name="unpredictable_nonscop_loop.ll" time="0.03"/>
<testcase classname="Polly.ScopInfo" name="unprofitable_scalar-accs.ll" time="0.06"/>
<testcase classname="Polly.ScopInfo" name="unsigned-condition.ll" time="0.03"/>
<testcase classname="Polly.ScopInfo" name="unsigned-division-1.ll" time="0.03"/>
<testcase classname="Polly.ScopInfo" name="unsigned-division-2.ll" time="0.03"/>
<testcase classname="Polly.ScopInfo" name="unsigned-division-3.ll" time="0.03"/>
<testcase classname="Polly.ScopInfo" name="unsigned-division-4.ll" time="0.03"/>
<testcase classname="Polly.ScopInfo" name="unsigned-division-5.ll" time="0.03"/>
<testcase classname="Polly.ScopInfo" name="unsigned_wrap_uge.ll" time="0.03"/>
<testcase classname="Polly.ScopInfo" name="unsigned_wrap_ugt.ll" time="0.03"/>
<testcase classname="Polly.ScopInfo" name="unsigned_wrap_ule.ll" time="0.03"/>
<testcase classname="Polly.ScopInfo" name="unsigned_wrap_ult.ll" time="0.03"/>
<testcase classname="Polly.ScopInfo" name="user_context.ll" time="0.09"/>
<testcase classname="Polly.ScopInfo" name="user_provided_assumptions-in-bb-signed-conditional.ll" time="0.06"/>
<testcase classname="Polly.ScopInfo" name="user_provided_assumptions-in-bb-signed.ll" time="0.03"/>
<testcase classname="Polly.ScopInfo" name="user_provided_assumptions-in-bb-unsigned.ll" time="0.05"/>
<testcase classname="Polly.ScopInfo" name="user_provided_assumptions.ll" time="0.06"/>
<testcase classname="Polly.ScopInfo" name="user_provided_assumptions_2.ll" time="0.06"/>
<testcase classname="Polly.ScopInfo" name="user_provided_assumptions_3.ll" time="0.06"/>
<testcase classname="Polly.ScopInfo" name="user_provided_non_dominating_assumptions.ll" time="0.10"/>
<testcase classname="Polly.ScopInfo" name="variant_base_pointer.ll" time="0.05"/>
<testcase classname="Polly.ScopInfo" name="variant_load_empty_domain.ll" time="0.03"/>
<testcase classname="Polly.ScopInfo" name="wraping_signed_expr_0.ll" time="0.03"/>
<testcase classname="Polly.ScopInfo" name="wraping_signed_expr_1.ll" time="0.03"/>
<testcase classname="Polly.ScopInfo" name="wraping_signed_expr_2.ll" time="0.03"/>
<testcase classname="Polly.ScopInfo" name="wraping_signed_expr_3.ll" time="0.03"/>
<testcase classname="Polly.ScopInfo" name="wraping_signed_expr_4.ll" time="0.03"/>
<testcase classname="Polly.ScopInfo" name="wraping_signed_expr_5.ll" time="0.04"/>
<testcase classname="Polly.ScopInfo" name="wraping_signed_expr_6.ll" time="0.03"/>
<testcase classname="Polly.ScopInfo" name="wraping_signed_expr_7.ll" time="0.03"/>
<testcase classname="Polly.ScopInfo" name="wraping_signed_expr_slow_1.ll" time="0.03"/>
<testcase classname="Polly.ScopInfo" name="wraping_signed_expr_slow_2.ll" time="0.04"/>
<testcase classname="Polly.ScopInfo" name="zero_ext_of_truncate.ll" time="0.04"/>
<testcase classname="Polly.ScopInfo" name="zero_ext_of_truncate_2.ll" time="0.03"/>
<testcase classname="Polly.ScopInfo" name="zero_ext_space_mismatch.ll" time="0.03"/>
<testcase classname="Polly.ScopInliner" name="ignore-declares.ll" time="0.03"/>
<testcase classname="Polly.ScopInliner" name="invariant-load-func.ll" time="0.00">
  <skipped message="Missing required feature(s): pollyacc"/>
</testcase>
<testcase classname="Polly.ScopInliner" name="simple-inline-loop.ll" time="0.03"/>
<testcase classname="Polly.Simplify" name="coalesce_3partials.ll" time="0.03"/>
<testcase classname="Polly.Simplify" name="coalesce_disjointelements.ll" time="0.04"/>
<testcase classname="Polly.Simplify" name="coalesce_overlapping.ll" time="0.03"/>
<testcase classname="Polly.Simplify" name="coalesce_partial.ll" time="0.03"/>
<testcase classname="Polly.Simplify" name="dead_access_load.ll" time="0.03"/>
<testcase classname="Polly.Simplify" name="dead_access_phi.ll" time="0.03"/>
<testcase classname="Polly.Simplify" name="dead_access_value.ll" time="0.03"/>
<testcase classname="Polly.Simplify" name="dead_instruction.ll" time="0.03"/>
<testcase classname="Polly.Simplify" name="emptyaccessdomain.ll" time="0.03"/>
<testcase classname="Polly.Simplify" name="exit_phi_accesses-2.ll" time="0.03"/>
<testcase classname="Polly.Simplify" name="func-b320a7.ll" time="0.05"/>
<testcase classname="Polly.Simplify" name="gemm.ll" time="0.08"/>
<testcase classname="Polly.Simplify" name="nocoalesce_differentvalues.ll" time="0.03"/>
<testcase classname="Polly.Simplify" name="nocoalesce_elementmismatch.ll" time="0.04"/>
<testcase classname="Polly.Simplify" name="nocoalesce_readbetween.ll" time="0.04"/>
<testcase classname="Polly.Simplify" name="nocoalesce_writebetween.ll" time="0.03"/>
<testcase classname="Polly.Simplify" name="notdead_region_exitphi.ll" time="0.03"/>
<testcase classname="Polly.Simplify" name="notdead_region_innerphi.ll" time="0.03"/>
<testcase classname="Polly.Simplify" name="notredundant_region_loop.ll" time="0.04"/>
<testcase classname="Polly.Simplify" name="notredundant_region_middle.ll" time="0.03"/>
<testcase classname="Polly.Simplify" name="notredundant_synthesizable_unknownit.ll" time="0.03"/>
<testcase classname="Polly.Simplify" name="out-of-scop-use-in-region-entry-phi-node.ll" time="0.03"/>
<testcase classname="Polly.Simplify" name="overwritten.ll" time="0.03"/>
<testcase classname="Polly.Simplify" name="overwritten_3phi.ll" time="0.03"/>
<testcase classname="Polly.Simplify" name="overwritten_3store.ll" time="0.03"/>
<testcase classname="Polly.Simplify" name="overwritten_implicit_and_explicit.ll" time="0.03"/>
<testcase classname="Polly.Simplify" name="overwritten_loadbetween.ll" time="0.03"/>
<testcase classname="Polly.Simplify" name="overwritten_scalar.ll" time="0.04"/>
<testcase classname="Polly.Simplify" name="pass_existence.ll" time="0.03"/>
<testcase classname="Polly.Simplify" name="phi_in_regionstmt.ll" time="0.03"/>
<testcase classname="Polly.Simplify" name="pr33323.ll" time="0.03"/>
<testcase classname="Polly.Simplify" name="redundant.ll" time="0.03"/>
<testcase classname="Polly.Simplify" name="redundant_differentindex.ll" time="0.03"/>
<testcase classname="Polly.Simplify" name="redundant_partialwrite.ll" time="0.03"/>
<testcase classname="Polly.Simplify" name="redundant_region.ll" time="0.04"/>
<testcase classname="Polly.Simplify" name="redundant_region_scalar.ll" time="0.04"/>
<testcase classname="Polly.Simplify" name="redundant_scalarwrite.ll" time="0.03"/>
<testcase classname="Polly.Simplify" name="redundant_storebetween.ll" time="0.03"/>
<testcase classname="Polly.Simplify" name="scalability1.ll" time="0.39"/>
<testcase classname="Polly.Simplify" name="scalability2.ll" time="1.40"/>
<testcase classname="Polly.Simplify" name="sweep_mapped_phi.ll" time="0.03"/>
<testcase classname="Polly.Simplify" name="sweep_mapped_value.ll" time="0.04"/>
<testcase classname="Polly.Simplify" name="ununsed_read_in_region_entry.ll" time="0.05"/>
<testcase classname="Polly.Support" name="Plugins.ll" time="0.03"/>
<testcase classname="Polly.Support" name="defaultpipelines.ll" time="0.13"/>
<testcase classname="Polly.Support" name="dumpfunction.ll" time="0.08"/>
<testcase classname="Polly.Support" name="dumpmodule.ll" time="0.08"/>
<testcase classname="Polly.Support" name="exportjson.ll" time="0.03"/>
<testcase classname="Polly.Support" name="isl-args.ll" time="0.08"/>
<testcase classname="Polly.Support" name="pipelineposition.ll" time="0.15"/>
<testcase classname="Polly.Support" name="pollyDebug.ll" time="0.04"/>
<testcase classname="Polly.Polly" name="polly.ll" time="0.03"/>
</testsuite>
<testsuite name="Polly - isl unit tests" tests="1" failures="0" skipped="0" time="4.74">
<testcase classname="Polly - isl unit tests.Polly - isl unit tests" name="isl_test.sh" time="4.74"/>
</testsuite>
<testsuite name="Polly-Unit" tests="29" failures="0" skipped="0" time="1.19">
<testcase classname="Polly-Unit.DeLICM/_/DeLICMTests/DeLICM" name="isConflicting" time="0.02"/>
<testcase classname="Polly-Unit.Flatten/_/FlattenTests/Flatten" name="FlattenLoop" time="0.00"/>
<testcase classname="Polly-Unit.Flatten/_/FlattenTests/Flatten" name="FlattenSequence" time="0.00"/>
<testcase classname="Polly-Unit.Flatten/_/FlattenTests/Flatten" name="FlattenTrivial" time="0.00"/>
<testcase classname="Polly-Unit.Isl/_/IslTests/DeLICM" name="apply" time="0.00"/>
<testcase classname="Polly-Unit.Isl/_/IslTests/DeLICM" name="computeArrayUnused" time="0.01"/>
<testcase classname="Polly-Unit.Isl/_/IslTests/DeLICM" name="computeReachingWrite" time="0.01"/>
<testcase classname="Polly-Unit.Isl/_/IslTests/DeLICM" name="convertZoneToTimepoints" time="0.00"/>
<testcase classname="Polly-Unit.Isl/_/IslTests/DeLICM" name="distribute" time="0.00"/>
<testcase classname="Polly-Unit.Isl/_/IslTests/DeLICM" name="lift" time="0.00"/>
<testcase classname="Polly-Unit.Isl/_/IslTests/ISLTools" name="afterScatter" time="0.00"/>
<testcase classname="Polly-Unit.Isl/_/IslTests/ISLTools" name="beforeScatter" time="0.00"/>
<testcase classname="Polly-Unit.Isl/_/IslTests/ISLTools" name="betweenScatter" time="0.00"/>
<testcase classname="Polly-Unit.Isl/_/IslTests/ISLTools" name="getNumScatterDims" time="0.00"/>
<testcase classname="Polly-Unit.Isl/_/IslTests/ISLTools" name="getScatterSpace" time="0.00"/>
<testcase classname="Polly-Unit.Isl/_/IslTests/ISLTools" name="makeIdentityMap" time="0.00"/>
<testcase classname="Polly-Unit.Isl/_/IslTests/ISLTools" name="reverseDomain" time="0.00"/>
<testcase classname="Polly-Unit.Isl/_/IslTests/ISLTools" name="shiftDim" time="0.00"/>
<testcase classname="Polly-Unit.Isl/_/IslTests/ISLTools" name="singleton" time="0.00"/>
<testcase classname="Polly-Unit.Isl/_/IslTests/Isl" name="APIntToIslVal" time="0.00"/>
<testcase classname="Polly-Unit.Isl/_/IslTests/Isl" name="Foreach" time="0.00"/>
<testcase classname="Polly-Unit.Isl/_/IslTests/Isl" name="IslValToAPInt" time="0.00"/>
<testcase classname="Polly-Unit.Isl/_/IslTests/Isl" name="Operators" time="0.00"/>
<testcase classname="Polly-Unit.Isl/_/IslTests/Isl" name="Quota" time="1.15"/>
<testcase classname="Polly-Unit.ScheduleOptimizer/_/ScheduleOptimizerTests/ScheduleTreeTransform" name="getPartialTilePrefixes" time="0.00"/>
<testcase classname="Polly-Unit.ScopPassManager/_/ScopPassManagerTests/ScopPassRegistry" name="PrinIslAstInfo" time="0.00"/>
<testcase classname="Polly-Unit.ScopPassManager/_/ScopPassManagerTests/ScopPassRegistry" name="PrintScopInfo" time="0.00"/>
<testcase classname="Polly-Unit.ScopPassManager/_/ScopPassManagerTests/ScopPassRegistry" name="PrintScops" time="0.00"/>
<testcase classname="Polly-Unit.Support/_/ISLToolsTests/Support" name="isl_iterator" time="0.00"/>
</testsuite>
</testsuites>
